[2026-05-02 13:58:28.452] [INFO] [995d1a89] [Core] - Application initializing. OS: Linux
[2026-05-02 14:01:02.847] [INFO] [ae1cc83e] [Core] - Application initializing. OS: Linux
[2026-05-02 14:01:04.075] [TRACE] [ae1cc83e] [UI-Login] - Initializing LoginFrame
[2026-05-02 14:04:11.146] [INFO] [98da0db0] [Core] - Application initializing. OS: Linux
[2026-05-02 14:04:12.137] [TRACE] [98da0db0] [UI-Login] - Initializing LoginFrame
[2026-05-02 14:04:25.138] [INFO] [59fd604f] [Core] - Application initializing. OS: Linux
[2026-05-02 14:04:25.983] [TRACE] [59fd604f] [UI-Login] - Initializing LoginFrame
[2026-05-02 14:04:40.925] [INFO] [59fd604f] [UI-Login] - Login attempt for: aazan@fast.edu
[2026-05-02 14:04:40.928] [INFO] [59fd604f] [UI-Login] - Login successful, redirecting to dashboard
[2026-05-02 14:04:47.517] [INFO] [59fd604f] [UI-Login] - Login attempt for: aazan@fast.edu
[2026-05-02 14:04:47.519] [INFO] [59fd604f] [UI-Login] - Login successful, redirecting to dashboard
[2026-05-02 14:04:48.917] [INFO] [59fd604f] [UI-Login] - Login attempt for: aazan@fast.edu
[2026-05-02 14:04:48.918] [INFO] [59fd604f] [UI-Login] - Login successful, redirecting to dashboard
[2026-05-02 14:04:49.101] [INFO] [59fd604f] [UI-Login] - Login attempt for: aazan@fast.edu
[2026-05-02 14:04:49.102] [INFO] [59fd604f] [UI-Login] - Login successful, redirecting to dashboard
[2026-05-02 14:04:49.445] [INFO] [59fd604f] [UI-Login] - Login attempt for: aazan@fast.edu
[2026-05-02 14:04:49.447] [INFO] [59fd604f] [UI-Login] - Login successful, redirecting to dashboard
[2026-05-02 14:04:49.637] [INFO] [59fd604f] [UI-Login] - Login attempt for: aazan@fast.edu
[2026-05-02 14:04:49.638] [INFO] [59fd604f] [UI-Login] - Login successful, redirecting to dashboard
[2026-05-02 14:04:49.805] [INFO] [59fd604f] [UI-Login] - Login attempt for: aazan@fast.edu
[2026-05-02 14:04:49.806] [INFO] [59fd604f] [UI-Login] - Login successful, redirecting to dashboard
[2026-05-02 14:04:49.965] [INFO] [59fd604f] [UI-Login] - Login attempt for: aazan@fast.edu
[2026-05-02 14:04:49.966] [INFO] [59fd604f] [UI-Login] - Login successful, redirecting to dashboard
[2026-05-02 14:04:50.149] [INFO] [59fd604f] [UI-Login] - Login attempt for: aazan@fast.edu
[2026-05-02 14:04:50.150] [INFO] [59fd604f] [UI-Login] - Login successful, redirecting to dashboard
[2026-05-02 14:04:50.557] [INFO] [59fd604f] [UI-Login] - Login attempt for: aazan@fast.edu
[2026-05-02 14:04:50.559] [INFO] [59fd604f] [UI-Login] - Login successful, redirecting to dashboard
[2026-05-02 14:04:50.773] [INFO] [59fd604f] [UI-Login] - Login attempt for: aazan@fast.edu
[2026-05-02 14:04:50.774] [INFO] [59fd604f] [UI-Login] - Login successful, redirecting to dashboard
[2026-05-02 14:04:50.957] [INFO] [59fd604f] [UI-Login] - Login attempt for: aazan@fast.edu
[2026-05-02 14:04:50.959] [INFO] [59fd604f] [UI-Login] - Login successful, redirecting to dashboard
[2026-05-02 14:06:04.528] [INFO] [d174c073] [Core] - Application initializing. OS: Linux
[2026-05-02 14:06:05.595] [TRACE] [d174c073] [UI-Login] - Initializing LoginFrame
[2026-05-02 14:06:21.901] [INFO] [d174c073] [UI-Login] - Login attempt for: aazan@fast.edu
[2026-05-02 14:06:21.904] [INFO] [d174c073] [UI-Login] - Login successful, redirecting to dashboard
[2026-05-02 14:06:21.941] [TRACE] [d174c073] [UI-Student] - Loading dashboard for: S101
[2026-05-02 14:06:26.853] [TRACE] [d174c073] [UI-Event] - Action Triggered: Proposals in StudentDashboard
[2026-05-02 14:06:29.652] [TRACE] [d174c073] [UI-Event] - Action Triggered: Supervision in StudentDashboard
[2026-05-02 14:06:32.300] [TRACE] [d174c073] [UI-Event] - Action Triggered: Milestones in StudentDashboard
[2026-05-02 14:06:34.500] [TRACE] [d174c073] [UI-Event] - Action Triggered: PeerReview in StudentDashboard
[2026-05-02 14:06:36.517] [TRACE] [d174c073] [UI-Event] - Action Triggered: Documents in StudentDashboard
[2026-05-02 14:06:48.956] [TRACE] [d174c073] [UI-Event] - Action Triggered: Idea Browsing in StudentDashboard
[2026-05-02 14:06:50.732] [TRACE] [d174c073] [UI-Event] - Action Triggered: Browse Members in StudentDashboard
[2026-05-02 14:06:52.212] [TRACE] [d174c073] [UI-Event] - Action Triggered: Progress Log in StudentDashboard
[2026-05-02 14:06:59.012] [TRACE] [d174c073] [UI-Event] - Action Triggered: Progress Log in StudentDashboard
[2026-05-02 14:07:01.740] [TRACE] [d174c073] [UI-Event] - Action Triggered: View Feedback in StudentDashboard
[2026-05-02 14:07:22.614] [TRACE] [d174c073] [UI-Event] - Action Triggered: Proposals in StudentDashboard
[2026-05-02 14:07:27.847] [TRACE] [d174c073] [UI-Event] - Action Triggered: Supervision in StudentDashboard
[2026-05-02 14:07:30.133] [TRACE] [d174c073] [UI-Event] - Action Triggered: PeerReview in StudentDashboard
[2026-05-02 14:07:32.412] [TRACE] [d174c073] [UI-Event] - Action Triggered: Documents in StudentDashboard
[2026-05-02 14:07:39.284] [TRACE] [d174c073] [UI-Event] - Action Triggered: Idea Browsing in StudentDashboard
[2026-05-02 14:07:40.973] [TRACE] [d174c073] [UI-Event] - Action Triggered: Browse Members in StudentDashboard
[2026-05-02 14:07:50.901] [TRACE] [d174c073] [UI-Event] - Action Triggered: Progress Log in StudentDashboard
[2026-05-02 14:07:53.037] [TRACE] [d174c073] [UI-Event] - Action Triggered: Student Grades in StudentDashboard
[2026-05-02 14:07:57.861] [TRACE] [d174c073] [UI-Event] - Action Triggered: Grading Rubrics in StudentDashboard
[2026-05-02 14:08:01.325] [TRACE] [d174c073] [UI-Event] - Action Triggered: Group Mgmt in StudentDashboard
[2026-05-02 14:08:04.093] [TRACE] [d174c073] [UI-Event] - Action Triggered: Submit Complaint in StudentDashboard
[2026-05-02 14:08:15.197] [TRACE] [d174c073] [UI-Event] - Action Triggered: Logout in StudentDashboard
[2026-05-02 14:08:15.204] [TRACE] [d174c073] [UI-Login] - Initializing LoginFrame
[2026-05-02 14:08:30.621] [INFO] [d174c073] [UI-Login] - Login attempt for: aazan@fast.edu
[2026-05-02 14:08:30.622] [INFO] [d174c073] [UI-Login] - Login successful, redirecting to dashboard
[2026-05-02 14:08:30.638] [TRACE] [d174c073] [UI-Student] - Loading dashboard for: S101
[2026-05-02 14:08:36.429] [TRACE] [d174c073] [UI-Event] - Action Triggered: Logout in StudentDashboard
[2026-05-02 14:08:36.446] [TRACE] [d174c073] [UI-Login] - Initializing LoginFrame
[2026-05-02 14:10:53.527] [INFO] [d174c073] [UI-Login] - Login attempt for: aazan@fast.du
[2026-05-02 14:10:53.527] [ERROR] [d174c073] [UI-Login] - Authentication failed for: aazan@fast.du
[2026-05-03 04:40:53.558] [INFO] [a392baad] [Core] - Application initializing. OS: Linux
[2026-05-03 04:40:54.189] [TRACE] [a392baad] [UI-Login] - Initializing LoginFrame
[2026-05-03 04:41:15.774] [INFO] [a392baad] [UI-Login] - Login attempt for: aazan@fast.edu
[2026-05-03 04:41:15.781] [INFO] [a392baad] [UI-Login] - Login successful, redirecting to dashboard
[2026-05-03 04:41:15.824] [TRACE] [a392baad] [UI-Student] - Loading dashboard for: S101
[2026-05-03 04:41:22.031] [TRACE] [a392baad] [UI-Event] - Action Triggered: Dashboard in StudentDashboard
[2026-05-03 04:41:29.238] [TRACE] [a392baad] [UI-Event] - Action Triggered: Proposals in StudentDashboard
[2026-05-03 04:41:30.834] [TRACE] [a392baad] [UI-Event] - Action Triggered: Supervision in StudentDashboard
[2026-05-03 04:41:31.605] [TRACE] [a392baad] [UI-Event] - Action Triggered: Milestones in StudentDashboard
[2026-05-03 04:41:32.368] [TRACE] [a392baad] [UI-Event] - Action Triggered: Documents in StudentDashboard
[2026-05-03 04:41:33.165] [TRACE] [a392baad] [UI-Event] - Action Triggered: PeerReview in StudentDashboard
[2026-05-03 04:41:34.020] [TRACE] [a392baad] [UI-Event] - Action Triggered: Notifications in StudentDashboard
[2026-05-03 04:41:35.747] [TRACE] [a392baad] [UI-Event] - Action Triggered: Notifications in StudentDashboard
[2026-05-03 12:13:11.713] [INFO] [239e229a] [Core] - Application initializing. OS: Linux
[2026-05-03 12:13:13.173] [TRACE] [239e229a] [UI-Login] - Initializing LoginFrame
[2026-05-03 12:16:59.875] [INFO] [0ea8ce0d] [Core] - Application initializing. OS: Linux
[2026-05-03 12:17:00.325] [TRACE] [0ea8ce0d] [UI-Login] - Initializing LoginFrame
[2026-05-03 12:17:21.744] [INFO] [ed734cdc] [Core] - Application initializing. OS: Linux
[2026-05-03 12:17:22.182] [TRACE] [ed734cdc] [UI-Login] - Initializing LoginFrame
[2026-05-03 12:25:00.140] [INFO] [60105c5d] [Core] - Application initializing. OS: Linux
[2026-05-03 12:25:00.440] [TRACE] [60105c5d] [UI-Login] - Initializing LoginFrame
[2026-05-03 12:25:15.516] [INFO] [60105c5d] [UI-Login] - Login attempt for: aazan@fast.edu
[2026-05-03 12:25:15.522] [INFO] [60105c5d] [UI-Login] - Login successful, redirecting to dashboard
[2026-05-03 12:25:15.562] [TRACE] [60105c5d] [UI-Student] - Loading dashboard for: S101
[2026-05-03 12:25:22.117] [TRACE] [60105c5d] [UI-Event] - Action Triggered: Browse Ideas in StudentDashboard
[2026-05-03 12:26:52.619] [TRACE] [60105c5d] [UI-Event] - Action Triggered: Browse Ideas in StudentDashboard
[2026-05-03 12:26:55.824] [TRACE] [60105c5d] [UI-Event] - Action Triggered: Progress Log in StudentDashboard
[2026-05-03 12:27:01.495] [TRACE] [60105c5d] [UI-Event] - Action Triggered: Dashboard in StudentDashboard
[2026-05-03 12:27:03.257] [TRACE] [60105c5d] [UI-Event] - Action Triggered: Browse Ideas in StudentDashboard
[2026-05-03 12:27:05.851] [TRACE] [60105c5d] [UI-Event] - Action Triggered: Dashboard in StudentDashboard
[2026-05-03 12:27:06.651] [TRACE] [60105c5d] [UI-Event] - Action Triggered: Progress Log in StudentDashboard
[2026-05-03 12:27:07.831] [TRACE] [60105c5d] [UI-Event] - Action Triggered: Dashboard in StudentDashboard
[2026-05-03 12:27:08.829] [TRACE] [60105c5d] [UI-Event] - Action Triggered: Documents in StudentDashboard
[2026-05-03 12:27:10.157] [TRACE] [60105c5d] [UI-Event] - Action Triggered: Dashboard in StudentDashboard
[2026-05-03 12:27:10.965] [TRACE] [60105c5d] [UI-Event] - Action Triggered: Team Finder in StudentDashboard
[2026-05-03 12:27:12.689] [TRACE] [60105c5d] [UI-Event] - Action Triggered: Dashboard in StudentDashboard
[2026-05-03 12:27:13.729] [TRACE] [60105c5d] [UI-Event] - Action Triggered: Group Management in StudentDashboard
[2026-05-03 13:07:54.876] [INFO] [6f1bdf92] [Core] - Application initializing. OS: Linux
[2026-05-03 13:07:55.182] [TRACE] [6f1bdf92] [UI-Login] - Initializing LoginFrame
[2026-05-03 13:08:30.101] [INFO] [6f1bdf92] [UI-Login] - Login attempt for: aazan@fast.edu
[2026-05-03 13:08:30.108] [INFO] [6f1bdf92] [UI-Login] - Login successful, redirecting to dashboard
[2026-05-03 13:08:30.135] [TRACE] [6f1bdf92] [UI-Student] - Loading dashboard for: S101
[2026-05-03 13:08:51.686] [TRACE] [6f1bdf92] [UI-Event] - Action Triggered: Dashboard in StudentDashboard
[2026-05-03 13:08:53.028] [TRACE] [6f1bdf92] [UI-Event] - Action Triggered: Browse Ideas in StudentDashboard
[2026-05-03 13:08:57.817] [TRACE] [6f1bdf92] [UI-Event] - Action Triggered: Progress Log in StudentDashboard
[2026-05-03 13:09:40.202] [TRACE] [6f1bdf92] [UI-Event] - Action Triggered: Documents in StudentDashboard
[2026-05-03 13:09:42.692] [TRACE] [6f1bdf92] [UI-Event] - Action Triggered: Team Finder in StudentDashboard
[2026-05-03 13:09:46.920] [TRACE] [6f1bdf92] [UI-Event] - Action Triggered: Group Management in StudentDashboard
[2026-05-03 13:09:51.144] [TRACE] [6f1bdf92] [UI-Event] - Action Triggered: Supervisor Profiles in StudentDashboard
[2026-05-03 13:09:56.679] [TRACE] [6f1bdf92] [UI-Event] - Action Triggered: Feedback in StudentDashboard
[2026-05-03 13:10:05.145] [TRACE] [6f1bdf92] [UI-Event] - Action Triggered: Supervisor Profiles in StudentDashboard
[2026-05-03 13:10:54.577] [TRACE] [6f1bdf92] [UI-Event] - Action Triggered: Team Finder in StudentDashboard
[2026-05-03 13:10:56.594] [TRACE] [6f1bdf92] [UI-Event] - Action Triggered: Feedback in StudentDashboard
[2026-05-03 13:11:05.360] [TRACE] [6f1bdf92] [UI-Event] - Action Triggered: Grades in StudentDashboard
[2026-05-03 13:11:10.312] [TRACE] [6f1bdf92] [UI-Event] - Action Triggered: Rubrics in StudentDashboard
[2026-05-03 13:11:12.872] [TRACE] [6f1bdf92] [UI-Event] - Action Triggered: Complaint in StudentDashboard
[2026-05-03 13:11:15.687] [TRACE] [6f1bdf92] [UI-Event] - Action Triggered: Complaint in StudentDashboard
[2026-05-03 13:11:23.208] [TRACE] [6f1bdf92] [UI-Event] - Action Triggered: Archive in StudentDashboard
[2026-05-03 13:11:41.761] [TRACE] [6f1bdf92] [UI-Event] - Action Triggered: Archive in StudentDashboard
[2026-05-03 13:11:46.592] [TRACE] [6f1bdf92] [UI-Event] - Action Triggered: My Profile in StudentDashboard
[2026-05-03 13:19:58.507] [TRACE] [6f1bdf92] [UI-Event] - Action Triggered: Dashboard in StudentDashboard
[2026-05-03 13:20:05.774] [TRACE] [6f1bdf92] [UI-Event] - Action Triggered: Browse Ideas in StudentDashboard
[2026-05-03 13:30:15.623] [INFO] [ceaf371b] [Core] - Application initializing. OS: Linux
[2026-05-03 13:30:15.912] [TRACE] [ceaf371b] [UI-Login] - Initializing LoginFrame
[2026-05-03 13:30:32.411] [INFO] [ceaf371b] [UI-Login] - Login attempt for: aazan@fast.edu
[2026-05-03 13:30:32.416] [ERROR] [ceaf371b] [UI-Login] - Authentication failed for: aazan@fast.edu
[2026-05-03 13:30:46.916] [INFO] [ceaf371b] [UI-Login] - Login attempt for: aazan@fast.edu
[2026-05-03 13:30:46.921] [INFO] [ceaf371b] [UI-Login] - Login successful, redirecting to dashboard
[2026-05-03 13:30:46.949] [TRACE] [ceaf371b] [UI-Student] - Loading dashboard for: S101
[2026-05-03 13:30:55.753] [TRACE] [ceaf371b] [UI-Event] - Action Triggered: Dashboard in StudentDashboard
[2026-05-03 13:30:56.765] [TRACE] [ceaf371b] [UI-Event] - Action Triggered: Proposals in StudentDashboard
[2026-05-03 13:30:57.976] [TRACE] [ceaf371b] [UI-Event] - Action Triggered: Supervision in StudentDashboard
[2026-05-03 13:30:59.009] [TRACE] [ceaf371b] [UI-Event] - Action Triggered: Milestones in StudentDashboard
[2026-05-03 13:31:00.772] [TRACE] [ceaf371b] [UI-Event] - Action Triggered: Documents in StudentDashboard
[2026-05-03 13:31:05.189] [TRACE] [ceaf371b] [UI-Event] - Action Triggered: Dashboard in StudentDashboard
[2026-05-03 13:31:06.917] [TRACE] [ceaf371b] [UI-Event] - Action Triggered: Proposals in StudentDashboard
[2026-05-03 13:31:14.839] [TRACE] [ceaf371b] [UI-Event] - Action Triggered: Supervision in StudentDashboard
[2026-05-03 13:31:15.972] [TRACE] [ceaf371b] [UI-Event] - Action Triggered: Milestones in StudentDashboard
[2026-05-03 13:31:16.997] [TRACE] [ceaf371b] [UI-Event] - Action Triggered: Documents in StudentDashboard
[2026-05-03 13:31:19.455] [TRACE] [ceaf371b] [UI-Event] - Action Triggered: Documents in StudentDashboard
[2026-05-03 13:31:20.241] [TRACE] [ceaf371b] [UI-Event] - Action Triggered: PeerReview in StudentDashboard
[2026-05-03 13:31:21.134] [TRACE] [ceaf371b] [UI-Event] - Action Triggered: Notifications in StudentDashboard
[2026-05-03 13:31:22.443] [TRACE] [ceaf371b] [UI-Event] - Action Triggered: PeerReview in StudentDashboard
[2026-05-03 13:31:24.064] [TRACE] [ceaf371b] [UI-Event] - Action Triggered: Documents in StudentDashboard
[2026-05-03 13:31:25.112] [TRACE] [ceaf371b] [UI-Event] - Action Triggered: Milestones in StudentDashboard
[2026-05-03 13:31:26.541] [TRACE] [ceaf371b] [UI-Event] - Action Triggered: Dashboard in StudentDashboard
[2026-05-03 13:31:34.696] [TRACE] [ceaf371b] [UI-Event] - Action Triggered: Proposals in StudentDashboard
[2026-05-03 13:31:35.617] [TRACE] [ceaf371b] [UI-Event] - Action Triggered: Supervision in StudentDashboard
[2026-05-03 13:31:38.457] [TRACE] [ceaf371b] [UI-Event] - Action Triggered: Milestones in StudentDashboard
[2026-05-03 13:31:39.270] [TRACE] [ceaf371b] [UI-Event] - Action Triggered: Documents in StudentDashboard
[2026-05-03 13:32:17.572] [TRACE] [ceaf371b] [UI-Event] - Action Triggered: Dashboard in StudentDashboard
[2026-05-03 13:32:26.724] [TRACE] [ceaf371b] [UI-Event] - Action Triggered: Logout in StudentDashboard
[2026-05-03 13:32:26.734] [TRACE] [ceaf371b] [UI-Login] - Initializing LoginFrame
[2026-05-03 13:33:42.544] [INFO] [ceaf371b] [UI-Login] - Login attempt for: aazan@fast.edu
[2026-05-03 13:33:42.547] [INFO] [ceaf371b] [UI-Login] - Login successful, redirecting to dashboard
[2026-05-03 13:33:42.554] [TRACE] [ceaf371b] [UI-Student] - Loading dashboard for: S101
[2026-05-03 13:33:48.250] [TRACE] [ceaf371b] [UI-Event] - Action Triggered: Logout in StudentDashboard
[2026-05-03 13:33:48.259] [TRACE] [ceaf371b] [UI-Login] - Initializing LoginFrame
[2026-05-03 13:33:57.292] [INFO] [ceaf371b] [UI-Login] - Login attempt for: aazan@fast.edu
[2026-05-03 13:33:57.295] [INFO] [ceaf371b] [UI-Login] - Login successful, redirecting to dashboard
[2026-05-03 13:33:57.302] [TRACE] [ceaf371b] [UI-Student] - Loading dashboard for: S101
[2026-05-03 13:34:33.555] [TRACE] [ceaf371b] [UI-Event] - Action Triggered: Proposals in StudentDashboard
[2026-05-03 13:34:34.392] [TRACE] [ceaf371b] [UI-Event] - Action Triggered: Supervision in StudentDashboard
[2026-05-03 13:34:45.939] [TRACE] [ceaf371b] [UI-Event] - Action Triggered: Supervision in StudentDashboard
[2026-05-03 13:34:46.528] [TRACE] [ceaf371b] [UI-Event] - Action Triggered: Milestones in StudentDashboard
[2026-05-03 13:34:47.605] [TRACE] [ceaf371b] [UI-Event] - Action Triggered: Documents in StudentDashboard
[2026-05-03 13:34:48.817] [TRACE] [ceaf371b] [UI-Event] - Action Triggered: PeerReview in StudentDashboard
[2026-05-03 13:34:50.161] [TRACE] [ceaf371b] [UI-Event] - Action Triggered: PeerReview in StudentDashboard
[2026-05-03 13:34:50.579] [TRACE] [ceaf371b] [UI-Event] - Action Triggered: Notifications in StudentDashboard
[2026-05-03 13:34:51.626] [TRACE] [ceaf371b] [UI-Event] - Action Triggered: PeerReview in StudentDashboard
[2026-05-03 13:34:55.208] [TRACE] [ceaf371b] [UI-Event] - Action Triggered: Notifications in StudentDashboard
[2026-05-03 13:35:04.076] [TRACE] [ceaf371b] [UI-Event] - Action Triggered: PeerReview in StudentDashboard
[2026-05-03 13:35:42.749] [TRACE] [ceaf371b] [UI-Event] - Action Triggered: Notifications in StudentDashboard
[2026-05-03 13:35:43.577] [TRACE] [ceaf371b] [UI-Event] - Action Triggered: PeerReview in StudentDashboard
[2026-05-03 13:35:45.015] [TRACE] [ceaf371b] [UI-Event] - Action Triggered: Documents in StudentDashboard
[2026-05-03 13:35:45.608] [TRACE] [ceaf371b] [UI-Event] - Action Triggered: Milestones in StudentDashboard
[2026-05-03 13:35:46.148] [TRACE] [ceaf371b] [UI-Event] - Action Triggered: Supervision in StudentDashboard
[2026-05-03 13:35:46.643] [TRACE] [ceaf371b] [UI-Event] - Action Triggered: Proposals in StudentDashboard
[2026-05-03 13:35:47.763] [TRACE] [ceaf371b] [UI-Event] - Action Triggered: Dashboard in StudentDashboard
[2026-05-03 13:49:55.153] [INFO] [81e6133d] [Core] - Application initializing. OS: Linux
[2026-05-03 13:49:55.470] [TRACE] [81e6133d] [UI-Login] - Initializing LoginFrame
[2026-05-03 13:50:16.732] [INFO] [81e6133d] [UI-Login] - Login attempt for: aazan@fast.edu
[2026-05-03 13:50:16.738] [INFO] [81e6133d] [UI-Login] - Login successful, redirecting to dashboard
[2026-05-03 13:50:16.786] [TRACE] [81e6133d] [UI-Student] - Loading dashboard for: S101
[2026-05-03 14:00:33.259] [TRACE] [81e6133d] [UI-Event] - Action Triggered: Dashboard in StudentDashboard
[2026-05-03 14:00:34.009] [TRACE] [81e6133d] [UI-Event] - Action Triggered: Proposals in StudentDashboard
[2026-05-03 14:00:53.533] [TRACE] [81e6133d] [UI-Event] - Action Triggered: Proposals in StudentDashboard
[2026-05-03 14:00:54.240] [TRACE] [81e6133d] [UI-Event] - Action Triggered: Supervision in StudentDashboard
[2026-05-03 14:01:03.535] [TRACE] [81e6133d] [UI-Event] - Action Triggered: Proposals in StudentDashboard
[2026-05-03 14:01:05.548] [TRACE] [81e6133d] [UI-Event] - Action Triggered: Proposals in StudentDashboard
[2026-05-03 14:01:06.504] [TRACE] [81e6133d] [UI-Event] - Action Triggered: Proposals in StudentDashboard
[2026-05-03 14:01:07.282] [TRACE] [81e6133d] [UI-Event] - Action Triggered: Proposals in StudentDashboard
[2026-05-03 14:01:07.784] [TRACE] [81e6133d] [UI-Event] - Action Triggered: Supervision in StudentDashboard
[2026-05-03 14:01:09.052] [TRACE] [81e6133d] [UI-Event] - Action Triggered: Milestones in StudentDashboard
[2026-05-03 14:01:10.171] [TRACE] [81e6133d] [UI-Event] - Action Triggered: Documents in StudentDashboard
[2026-05-03 14:01:11.616] [TRACE] [81e6133d] [UI-Event] - Action Triggered: PeerReview in StudentDashboard
[2026-05-03 14:01:15.993] [TRACE] [81e6133d] [UI-Event] - Action Triggered: PeerReview in StudentDashboard
[2026-05-03 14:01:17.393] [TRACE] [81e6133d] [UI-Event] - Action Triggered: Notifications in StudentDashboard
[2026-05-03 14:01:23.318] [TRACE] [81e6133d] [UI-Event] - Action Triggered: PeerReview in StudentDashboard
[2026-05-03 14:01:24.834] [TRACE] [81e6133d] [UI-Event] - Action Triggered: Notifications in StudentDashboard
[2026-05-03 14:01:28.324] [TRACE] [81e6133d] [UI-Event] - Action Triggered: Dashboard in StudentDashboard
[2026-05-03 14:01:52.092] [TRACE] [81e6133d] [UI-Event] - Action Triggered: Logout in StudentDashboard
[2026-05-03 14:01:52.103] [TRACE] [81e6133d] [UI-Login] - Initializing LoginFrame
[2026-05-03 14:25:21.087] [INFO] [76426169] [Core] - Application initializing. OS: Linux
[2026-05-03 14:25:21.577] [TRACE] [76426169] [UI-Login] - Initializing LoginFrame
[2026-05-03 14:25:39.648] [INFO] [76426169] [UI-Login] - Login attempt for: aazan@fast.edu
[2026-05-03 14:25:39.653] [INFO] [76426169] [UI-Login] - Login successful, redirecting to dashboard
[2026-05-03 14:25:39.696] [TRACE] [76426169] [UI-Student] - Loading dashboard for: S101
[2026-05-03 14:25:46.350] [TRACE] [76426169] [UI-Event] - Action Triggered: Dashboard in StudentDashboard
[2026-05-03 14:25:47.148] [TRACE] [76426169] [UI-Event] - Action Triggered: Proposals in StudentDashboard
[2026-05-03 14:25:51.764] [TRACE] [76426169] [UI-Event] - Action Triggered: Supervision in StudentDashboard
[2026-05-03 14:25:56.251] [TRACE] [76426169] [UI-Event] - Action Triggered: Supervision in StudentDashboard
[2026-05-03 14:25:56.712] [TRACE] [76426169] [UI-Event] - Action Triggered: Milestones in StudentDashboard
[2026-05-03 14:25:57.781] [TRACE] [76426169] [UI-Event] - Action Triggered: Documents in StudentDashboard
[2026-05-03 14:26:02.871] [TRACE] [76426169] [UI-Event] - Action Triggered: Documents in StudentDashboard
[2026-05-03 14:26:03.565] [TRACE] [76426169] [UI-Event] - Action Triggered: PeerReview in StudentDashboard
[2026-05-03 14:26:05.187] [TRACE] [76426169] [UI-Event] - Action Triggered: Notifications in StudentDashboard
[2026-05-03 14:26:27.686] [TRACE] [76426169] [UI-Event] - Action Triggered: Notifications in StudentDashboard
[2026-05-03 14:26:28.268] [TRACE] [76426169] [UI-Event] - Action Triggered: PeerReview in StudentDashboard
[2026-05-03 14:26:37.550] [TRACE] [76426169] [UI-Event] - Action Triggered: PeerReview in StudentDashboard
[2026-05-03 14:26:38.287] [TRACE] [76426169] [UI-Event] - Action Triggered: Documents in StudentDashboard
[2026-05-03 14:26:39.243] [TRACE] [76426169] [UI-Event] - Action Triggered: Milestones in StudentDashboard
[2026-05-03 14:26:39.880] [TRACE] [76426169] [UI-Event] - Action Triggered: Supervision in StudentDashboard
[2026-05-03 14:26:52.936] [TRACE] [76426169] [UI-Event] - Action Triggered: Supervision in StudentDashboard
[2026-05-03 14:26:53.751] [TRACE] [76426169] [UI-Event] - Action Triggered: Dashboard in StudentDashboard
[2026-05-03 14:26:59.077] [TRACE] [76426169] [UI-Event] - Action Triggered: Browse Ideas in StudentDashboard
[2026-05-03 14:27:07.358] [TRACE] [76426169] [UI-Event] - Action Triggered: Progress Log in StudentDashboard
[2026-05-03 14:33:26.421] [INFO] [f3793df7] [Core] - Application initializing. OS: Linux
[2026-05-03 14:33:26.892] [TRACE] [f3793df7] [UI-Login] - Initializing LoginFrame
[2026-05-03 14:33:36.737] [INFO] [f3793df7] [UI-Login] - Login attempt for: aazan@fast.edu
[2026-05-03 14:33:36.741] [INFO] [f3793df7] [UI-Login] - Login successful, redirecting to dashboard
[2026-05-03 14:33:36.790] [TRACE] [f3793df7] [UI-Student] - Loading dashboard for: S101
[2026-05-03 14:33:49.252] [TRACE] [f3793df7] [UI-Event] - Action Triggered: Dashboard in StudentDashboard
[2026-05-03 14:33:49.979] [TRACE] [f3793df7] [UI-Event] - Action Triggered: Proposals in StudentDashboard
[2026-05-03 14:33:51.565] [TRACE] [f3793df7] [UI-Event] - Action Triggered: Supervision in StudentDashboard
[2026-05-03 14:33:53.805] [TRACE] [f3793df7] [UI-Event] - Action Triggered: Milestones in StudentDashboard
[2026-05-03 14:33:55.008] [TRACE] [f3793df7] [UI-Event] - Action Triggered: Documents in StudentDashboard
[2026-05-03 14:33:56.694] [TRACE] [f3793df7] [UI-Event] - Action Triggered: PeerReview in StudentDashboard
[2026-05-03 14:33:58.811] [TRACE] [f3793df7] [UI-Event] - Action Triggered: Notifications in StudentDashboard
[2026-05-03 14:34:01.205] [TRACE] [f3793df7] [UI-Event] - Action Triggered: Dashboard in StudentDashboard
[2026-05-03 14:34:05.234] [TRACE] [f3793df7] [UI-Event] - Action Triggered: Browse Ideas in StudentDashboard
[2026-05-03 14:34:09.306] [TRACE] [f3793df7] [UI-Event] - Action Triggered: Progress Log in StudentDashboard
[2026-05-03 14:34:14.107] [TRACE] [f3793df7] [UI-Event] - Action Triggered: Documents in StudentDashboard
[2026-05-03 14:34:16.415] [TRACE] [f3793df7] [UI-Event] - Action Triggered: Team Finder in StudentDashboard
[2026-05-03 14:34:21.677] [TRACE] [f3793df7] [UI-Event] - Action Triggered: Group Management in StudentDashboard
[2026-05-03 14:34:27.067] [TRACE] [f3793df7] [UI-Event] - Action Triggered: Supervisor Profiles in StudentDashboard
[2026-05-03 14:34:33.907] [TRACE] [f3793df7] [UI-Event] - Action Triggered: Feedback in StudentDashboard
[2026-05-03 14:34:36.896] [TRACE] [f3793df7] [UI-Event] - Action Triggered: Grades in StudentDashboard
[2026-05-03 14:34:39.060] [TRACE] [f3793df7] [UI-Event] - Action Triggered: Rubrics in StudentDashboard
[2026-05-03 14:34:41.392] [TRACE] [f3793df7] [UI-Event] - Action Triggered: Complaint in StudentDashboard
[2026-05-03 14:34:43.469] [TRACE] [f3793df7] [UI-Event] - Action Triggered: Archive in StudentDashboard
[2026-05-03 14:34:47.328] [TRACE] [f3793df7] [UI-Event] - Action Triggered: My Profile in StudentDashboard
[2026-05-03 14:35:09.586] [TRACE] [f3793df7] [UI-Event] - Action Triggered: Supervision in StudentDashboard
[2026-05-03 14:35:16.018] [TRACE] [f3793df7] [UI-Event] - Action Triggered: PeerReview in StudentDashboard
[2026-05-03 14:43:22.360] [TRACE] [f3793df7] [UI-Event] - Action Triggered: Logout in StudentDashboard
[2026-05-03 14:43:22.370] [TRACE] [f3793df7] [UI-Login] - Initializing LoginFrame
[2026-05-03 14:44:45.717] [INFO] [f3793df7] [UI-Login] - Login attempt for: aazan@fast.edu
[2026-05-03 14:44:45.720] [INFO] [f3793df7] [UI-Login] - Login successful, redirecting to dashboard
[2026-05-03 14:44:45.727] [TRACE] [f3793df7] [UI-Student] - Loading dashboard for: S101
[2026-05-03 14:44:55.205] [TRACE] [f3793df7] [UI-Event] - Action Triggered: Proposals in StudentDashboard
[2026-05-03 14:44:56.735] [TRACE] [f3793df7] [UI-Event] - Action Triggered: Milestones in StudentDashboard
[2026-05-03 14:44:58.145] [TRACE] [f3793df7] [UI-Event] - Action Triggered: Supervision in StudentDashboard
[2026-05-03 14:44:59.772] [TRACE] [f3793df7] [UI-Event] - Action Triggered: Documents in StudentDashboard
[2026-05-03 14:45:01.133] [TRACE] [f3793df7] [UI-Event] - Action Triggered: PeerReview in StudentDashboard
[2026-05-03 14:45:02.571] [TRACE] [f3793df7] [UI-Event] - Action Triggered: Notifications in StudentDashboard
[2026-05-03 14:46:31.443] [INFO] [f799c015] [Core] - Application initializing. OS: Linux
[2026-05-03 14:46:31.633] [TRACE] [f799c015] [UI-Login] - Initializing LoginFrame
[2026-05-03 14:46:51.077] [INFO] [f799c015] [UI-Login] - Login attempt for: aazan@fast.edu
[2026-05-03 14:46:51.081] [INFO] [f799c015] [UI-Login] - Login successful, redirecting to dashboard
[2026-05-03 14:46:51.108] [TRACE] [f799c015] [UI-Student] - Loading dashboard for: S101
[2026-05-03 14:46:58.553] [TRACE] [f799c015] [UI-Event] - Action Triggered: Browse Ideas in StudentDashboard
[2026-05-03 14:47:06.549] [TRACE] [f799c015] [UI-Event] - Action Triggered: Progress Log in StudentDashboard
[2026-05-03 14:47:14.105] [TRACE] [f799c015] [UI-Event] - Action Triggered: Documents in StudentDashboard
[2026-05-03 14:47:18.828] [TRACE] [f799c015] [UI-Event] - Action Triggered: Team Finder in StudentDashboard
[2026-05-03 14:47:21.461] [TRACE] [f799c015] [UI-Event] - Action Triggered: Group Management in StudentDashboard
[2026-05-03 14:47:23.727] [TRACE] [f799c015] [UI-Event] - Action Triggered: Supervisor Profiles in StudentDashboard
[2026-05-03 14:47:26.072] [TRACE] [f799c015] [UI-Event] - Action Triggered: Feedback in StudentDashboard
[2026-05-03 14:47:31.035] [TRACE] [f799c015] [UI-Event] - Action Triggered: Grades in StudentDashboard
[2026-05-03 14:47:33.032] [TRACE] [f799c015] [UI-Event] - Action Triggered: Rubrics in StudentDashboard
[2026-05-03 14:47:35.248] [TRACE] [f799c015] [UI-Event] - Action Triggered: Complaint in StudentDashboard
[2026-05-03 14:47:37.899] [TRACE] [f799c015] [UI-Event] - Action Triggered: Archive in StudentDashboard
[2026-05-03 14:47:41.877] [TRACE] [f799c015] [UI-Event] - Action Triggered: My Profile in StudentDashboard
[2026-05-03 14:47:47.173] [TRACE] [f799c015] [UI-Event] - Action Triggered: Proposals in StudentDashboard
[2026-05-03 14:47:48.157] [TRACE] [f799c015] [UI-Event] - Action Triggered: Supervision in StudentDashboard
[2026-05-03 14:47:51.973] [TRACE] [f799c015] [UI-Event] - Action Triggered: Milestones in StudentDashboard
[2026-05-03 14:47:52.433] [TRACE] [f799c015] [UI-Event] - Action Triggered: Documents in StudentDashboard
[2026-05-03 14:47:53.438] [TRACE] [f799c015] [UI-Event] - Action Triggered: PeerReview in StudentDashboard
[2026-05-03 14:47:54.124] [TRACE] [f799c015] [UI-Event] - Action Triggered: Notifications in StudentDashboard
[2026-05-03 14:47:56.381] [TRACE] [f799c015] [UI-Event] - Action Triggered: Dashboard in StudentDashboard
[2026-05-03 14:48:01.067] [TRACE] [f799c015] [UI-Event] - Action Triggered: Browse Ideas in StudentDashboard
[2026-05-03 14:48:15.269] [TRACE] [f799c015] [UI-Event] - Action Triggered: Dashboard in StudentDashboard
[2026-05-03 14:48:17.308] [TRACE] [f799c015] [UI-Event] - Action Triggered: Proposals in StudentDashboard
[2026-05-03 14:48:47.665] [TRACE] [f799c015] [UI-Event] - Action Triggered: Progress Log in StudentDashboard
[2026-05-03 14:48:50.292] [TRACE] [f799c015] [UI-Event] - Action Triggered: Documents in StudentDashboard
[2026-05-03 14:48:51.974] [TRACE] [f799c015] [UI-Event] - Action Triggered: Team Finder in StudentDashboard
[2026-05-03 14:48:53.895] [TRACE] [f799c015] [UI-Event] - Action Triggered: Group Management in StudentDashboard
[2026-05-03 14:48:55.848] [TRACE] [f799c015] [UI-Event] - Action Triggered: Supervisor Profiles in StudentDashboard
[2026-05-03 14:48:59.485] [TRACE] [f799c015] [UI-Event] - Action Triggered: Feedback in StudentDashboard
[2026-05-03 14:49:05.507] [TRACE] [f799c015] [UI-Event] - Action Triggered: Grades in StudentDashboard
[2026-05-03 14:49:07.453] [TRACE] [f799c015] [UI-Event] - Action Triggered: Rubrics in StudentDashboard
[2026-05-03 14:49:09.101] [TRACE] [f799c015] [UI-Event] - Action Triggered: Complaint in StudentDashboard
[2026-05-03 14:49:11.303] [TRACE] [f799c015] [UI-Event] - Action Triggered: Archive in StudentDashboard
[2026-05-03 14:49:13.660] [TRACE] [f799c015] [UI-Event] - Action Triggered: My Profile in StudentDashboard
[2026-05-03 14:49:15.627] [TRACE] [f799c015] [UI-Event] - Action Triggered: Proposals in StudentDashboard
[2026-05-03 14:49:16.753] [TRACE] [f799c015] [UI-Event] - Action Triggered: Supervision in StudentDashboard
[2026-05-03 14:49:18.458] [TRACE] [f799c015] [UI-Event] - Action Triggered: Milestones in StudentDashboard
[2026-05-03 14:49:19.435] [TRACE] [f799c015] [UI-Event] - Action Triggered: Documents in StudentDashboard
[2026-05-03 14:49:20.447] [TRACE] [f799c015] [UI-Event] - Action Triggered: PeerReview in StudentDashboard
[2026-05-03 14:49:21.495] [TRACE] [f799c015] [UI-Event] - Action Triggered: Notifications in StudentDashboard
[2026-05-03 14:49:22.981] [TRACE] [f799c015] [UI-Event] - Action Triggered: PeerReview in StudentDashboard
[2026-05-03 14:49:24.261] [TRACE] [f799c015] [UI-Event] - Action Triggered: Documents in StudentDashboard
[2026-05-03 14:49:24.728] [TRACE] [f799c015] [UI-Event] - Action Triggered: Milestones in StudentDashboard
[2026-05-03 14:49:25.176] [TRACE] [f799c015] [UI-Event] - Action Triggered: Proposals in StudentDashboard
[2026-05-03 14:49:26.287] [TRACE] [f799c015] [UI-Event] - Action Triggered: Dashboard in StudentDashboard
[2026-05-03 14:49:27.624] [TRACE] [f799c015] [UI-Event] - Action Triggered: Team Finder in StudentDashboard
[2026-05-03 14:50:27.627] [TRACE] [f799c015] [UI-Event] - Action Triggered: Dashboard in StudentDashboard
[2026-05-03 14:50:32.668] [TRACE] [f799c015] [UI-Event] - Action Triggered: Group Management in StudentDashboard
[2026-05-03 14:50:39.555] [TRACE] [f799c015] [UI-Event] - Action Triggered: Supervisor Profiles in StudentDashboard
[2026-05-03 14:50:59.439] [TRACE] [f799c015] [UI-Event] - Action Triggered: Proposals in StudentDashboard
[2026-05-03 14:51:00.104] [TRACE] [f799c015] [UI-Event] - Action Triggered: Supervision in StudentDashboard
[2026-05-03 14:51:00.833] [TRACE] [f799c015] [UI-Event] - Action Triggered: Documents in StudentDashboard
[2026-05-03 14:51:01.938] [TRACE] [f799c015] [UI-Event] - Action Triggered: Documents in StudentDashboard
[2026-05-03 14:51:02.751] [TRACE] [f799c015] [UI-Event] - Action Triggered: Milestones in StudentDashboard
[2026-05-03 14:51:03.289] [TRACE] [f799c015] [UI-Event] - Action Triggered: Supervision in StudentDashboard
[2026-05-03 14:51:03.784] [TRACE] [f799c015] [UI-Event] - Action Triggered: Milestones in StudentDashboard
[2026-05-03 14:51:04.364] [TRACE] [f799c015] [UI-Event] - Action Triggered: Documents in StudentDashboard
[2026-05-03 14:51:05.446] [TRACE] [f799c015] [UI-Event] - Action Triggered: PeerReview in StudentDashboard
[2026-05-03 14:51:14.346] [TRACE] [f799c015] [UI-Event] - Action Triggered: Team Finder in StudentDashboard
[2026-05-03 14:51:19.089] [TRACE] [f799c015] [UI-Event] - Action Triggered: Supervisor Profiles in StudentDashboard
[2026-05-03 14:51:23.272] [TRACE] [f799c015] [UI-Event] - Action Triggered: Group Management in StudentDashboard
[2026-05-03 14:53:27.374] [TRACE] [f799c015] [UI-Event] - Action Triggered: My Profile in StudentDashboard
[2026-05-03 14:53:32.506] [TRACE] [f799c015] [UI-Event] - Action Triggered: Dashboard in StudentDashboard
[2026-05-03 14:53:33.158] [TRACE] [f799c015] [UI-Event] - Action Triggered: Proposals in StudentDashboard
[2026-05-03 14:53:33.738] [TRACE] [f799c015] [UI-Event] - Action Triggered: Supervision in StudentDashboard
[2026-05-03 14:53:34.191] [TRACE] [f799c015] [UI-Event] - Action Triggered: Milestones in StudentDashboard
[2026-05-03 14:53:34.721] [TRACE] [f799c015] [UI-Event] - Action Triggered: Documents in StudentDashboard
[2026-05-03 14:53:35.251] [TRACE] [f799c015] [UI-Event] - Action Triggered: PeerReview in StudentDashboard
[2026-05-03 14:53:35.632] [TRACE] [f799c015] [UI-Event] - Action Triggered: Notifications in StudentDashboard
[2026-05-03 18:25:11.728] [INFO] [6f11487e] [Core] - Application initializing. OS: Linux
[2026-05-03 18:25:12.169] [TRACE] [6f11487e] [UI-Login] - Initializing LoginFrame
[2026-05-03 18:25:44.215] [INFO] [6f11487e] [UI-Login] - Login attempt for: aazan@fast.edu
[2026-05-03 18:25:44.219] [INFO] [6f11487e] [UI-Login] - Login successful, redirecting to dashboard
[2026-05-03 18:25:44.279] [TRACE] [6f11487e] [UI-Student] - Loading dashboard for: S101
[2026-05-03 18:25:46.718] [TRACE] [6f11487e] [UI-Event] - Action Triggered: Grades in StudentDashboard
[2026-05-03 18:25:50.841] [TRACE] [6f11487e] [UI-Event] - Action Triggered: Browse Ideas in StudentDashboard
[2026-05-03 18:25:57.526] [TRACE] [6f11487e] [UI-Event] - Action Triggered: Progress Log in StudentDashboard
[2026-05-03 18:26:04.755] [TRACE] [6f11487e] [UI-Event] - Action Triggered: Dashboard in StudentDashboard
[2026-05-03 18:26:06.934] [TRACE] [6f11487e] [UI-Event] - Action Triggered: Browse Ideas in StudentDashboard
[2026-05-03 18:26:12.902] [TRACE] [6f11487e] [UI-Event] - Action Triggered: Documents in StudentDashboard
[2026-05-03 18:26:14.861] [TRACE] [6f11487e] [UI-Event] - Action Triggered: Milestones in StudentDashboard
[2026-05-03 18:26:20.626] [TRACE] [6f11487e] [UI-Event] - Action Triggered: Dashboard in StudentDashboard
[2026-05-03 18:26:58.606] [TRACE] [6f11487e] [UI-Event] - Action Triggered: Dashboard in StudentDashboard
[2026-05-03 18:27:04.896] [TRACE] [6f11487e] [UI-Event] - Action Triggered: Dashboard in StudentDashboard
[2026-05-03 18:27:15.934] [TRACE] [6f11487e] [UI-Event] - Action Triggered: Browse Ideas in StudentDashboard
[2026-05-03 18:27:21.458] [TRACE] [6f11487e] [UI-Event] - Action Triggered: Progress Log in StudentDashboard
[2026-05-03 18:27:24.746] [TRACE] [6f11487e] [UI-Event] - Action Triggered: Documents in StudentDashboard
[2026-05-03 18:27:31.796] [TRACE] [6f11487e] [UI-Event] - Action Triggered: Logout in StudentDashboard
[2026-05-03 18:27:31.808] [TRACE] [6f11487e] [UI-Login] - Initializing LoginFrame
[2026-05-03 18:28:16.720] [INFO] [6f11487e] [UI-Login] - Login attempt for: umer@fast.edu
[2026-05-03 18:28:16.723] [ERROR] [6f11487e] [UI-Login] - Authentication failed for: umer@fast.edu
[2026-05-03 18:28:29.553] [INFO] [6f11487e] [UI-Login] - Login attempt for: umer@fast.edu
[2026-05-03 18:28:29.556] [ERROR] [6f11487e] [UI-Login] - Authentication failed for: umer@fast.edu
[2026-05-03 18:28:41.373] [INFO] [6f11487e] [UI-Login] - Login attempt for: umer@fast.edu
[2026-05-03 18:28:41.375] [INFO] [6f11487e] [UI-Login] - Login successful, redirecting to dashboard
[2026-05-03 18:28:41.401] [TRACE] [6f11487e] [UI-Supervisor] - Loading dashboard for: SV01
[2026-05-03 18:28:57.702] [TRACE] [6f11487e] [UI-Event] - Action Triggered: Idea Bank in SupervisorDashboard
[2026-05-03 18:29:18.429] [TRACE] [6f11487e] [UI-Event] - Action Triggered: Logout in SupervisorDashboard
[2026-05-03 18:29:18.440] [TRACE] [6f11487e] [UI-Login] - Initializing LoginFrame
[2026-05-03 18:29:29.805] [INFO] [6f11487e] [UI-Login] - Login attempt for: aazan@fast.edu
[2026-05-03 18:29:29.808] [ERROR] [6f11487e] [UI-Login] - Authentication failed for: aazan@fast.edu
[2026-05-03 18:29:40.611] [INFO] [6f11487e] [UI-Login] - Login attempt for: aazan@fast.edu
[2026-05-03 18:29:40.613] [INFO] [6f11487e] [UI-Login] - Login successful, redirecting to dashboard
[2026-05-03 18:29:40.624] [TRACE] [6f11487e] [UI-Student] - Loading dashboard for: S101
[2026-05-03 18:29:49.361] [TRACE] [6f11487e] [UI-Event] - Action Triggered: Browse Ideas in StudentDashboard
[2026-05-03 18:30:23.956] [TRACE] [6f11487e] [UI-Event] - Action Triggered: Team Finder in StudentDashboard
[2026-05-03 18:30:35.114] [TRACE] [6f11487e] [UI-Event] - Action Triggered: Supervisor Profiles in StudentDashboard
[2026-05-03 18:30:44.050] [TRACE] [6f11487e] [UI-Event] - Action Triggered: Archive in StudentDashboard
[2026-05-03 18:30:57.738] [TRACE] [6f11487e] [UI-Event] - Action Triggered: Notifications in StudentDashboard
[2026-05-03 18:31:24.005] [TRACE] [6f11487e] [UI-Event] - Action Triggered: Proposals in StudentDashboard
[2026-05-03 18:31:47.297] [TRACE] [6f11487e] [UI-Event] - Action Triggered: Proposals in StudentDashboard
[2026-05-03 18:31:48.832] [TRACE] [6f11487e] [UI-Event] - Action Triggered: Supervision in StudentDashboard
[2026-05-03 18:32:00.167] [TRACE] [6f11487e] [UI-Event] - Action Triggered: Supervision in StudentDashboard
[2026-05-03 18:32:18.825] [TRACE] [6f11487e] [UI-Event] - Action Triggered: Logout in StudentDashboard
[2026-05-03 18:32:18.836] [TRACE] [6f11487e] [UI-Login] - Initializing LoginFrame
[2026-05-03 18:32:33.457] [INFO] [6f11487e] [UI-Login] - Login attempt for: umer@fast.edu
[2026-05-03 18:32:33.459] [INFO] [6f11487e] [UI-Login] - Login successful, redirecting to dashboard
[2026-05-03 18:32:33.476] [TRACE] [6f11487e] [UI-Supervisor] - Loading dashboard for: SV01
[2026-05-03 18:32:42.578] [TRACE] [6f11487e] [UI-Event] - Action Triggered: AcceptRequest in SupervisorDashboard
[2026-05-03 18:32:42.580] [INFO] [6f11487e] [UI-Supervisor] - Accepting request: R1777815115251
[2026-05-03 18:33:50.362] [TRACE] [6f11487e] [UI-Event] - Action Triggered: Define Phase in SupervisorDashboard
[2026-05-03 18:34:16.708] [TRACE] [6f11487e] [UI-Event] - Action Triggered: Logout in SupervisorDashboard
[2026-05-03 18:34:16.714] [TRACE] [6f11487e] [UI-Login] - Initializing LoginFrame
[2026-05-03 18:34:37.708] [INFO] [6f11487e] [UI-Login] - Login attempt for: admin@fast.edu
[2026-05-03 18:34:37.710] [INFO] [6f11487e] [UI-Login] - Login successful, redirecting to dashboard
[2026-05-03 18:34:37.734] [TRACE] [6f11487e] [UI-Admin] - Loading dashboard for: A01
[2026-05-03 18:34:47.800] [TRACE] [6f11487e] [UI-Event] - Action Triggered: UserMgmt in AdminDashboard
[2026-05-03 18:34:54.736] [TRACE] [6f11487e] [UI-Event] - Action Triggered: Peer Reviews in AdminDashboard
[2026-05-03 18:35:24.809] [TRACE] [6f11487e] [UI-Event] - Action Triggered: GlobalRubric in AdminDashboard
[2026-05-03 18:35:27.058] [INFO] [6f11487e] [UI-Admin] - Publishing global rubric
[2026-05-03 18:35:49.248] [TRACE] [6f11487e] [UI-Event] - Action Triggered: GroupMgmt in AdminDashboard
[2026-05-03 18:36:24.422] [TRACE] [6f11487e] [UI-Event] - Action Triggered: GroupMgmt in AdminDashboard
[2026-05-03 18:36:25.801] [TRACE] [6f11487e] [UI-Event] - Action Triggered: GlobalRubric in AdminDashboard
[2026-05-03 18:36:27.978] [INFO] [6f11487e] [UI-Admin] - Publishing global rubric
[2026-05-03 18:36:31.474] [TRACE] [6f11487e] [UI-Event] - Action Triggered: Notifications in AdminDashboard
[2026-05-03 18:37:59.639] [TRACE] [6f11487e] [UI-Event] - Action Triggered: GroupMgmt in AdminDashboard
[2026-05-03 18:38:07.512] [TRACE] [6f11487e] [UI-Event] - Action Triggered: Logout in AdminDashboard
[2026-05-03 18:38:07.523] [TRACE] [6f11487e] [UI-Login] - Initializing LoginFrame
[2026-05-03 19:00:02.179] [INFO] [9ebe3a17] [Core] - Application initializing. OS: Linux
[2026-05-03 19:00:02.426] [TRACE] [9ebe3a17] [UI-Login] - Initializing LoginFrame
[2026-05-03 19:16:17.388] [INFO] [00951e39] [Core] - Application initializing. OS: Linux
[2026-05-03 19:16:17.627] [TRACE] [00951e39] [UI-Login] - Initializing LoginFrame
[2026-05-03 19:16:30.647] [INFO] [985e712d] [Core] - Application initializing. OS: Linux
[2026-05-03 19:16:30.881] [TRACE] [985e712d] [UI-Login] - Initializing LoginFrame
[2026-05-03 19:17:45.781] [INFO] [985e712d] [UI-Login] - Login attempt for: ahmed@fast.edu
[2026-05-03 19:17:45.787] [INFO] [985e712d] [UI-Login] - Login successful, redirecting to dashboard
[2026-05-03 19:17:45.843] [TRACE] [985e712d] [UI-Student] - Loading dashboard for: S103
[2026-05-03 19:18:03.242] [TRACE] [985e712d] [UI-Event] - Action Triggered: Proposals in StudentDashboard
[2026-05-03 19:18:06.870] [TRACE] [985e712d] [UI-Event] - Action Triggered: Supervision in StudentDashboard
[2026-05-03 19:18:14.934] [TRACE] [985e712d] [UI-Event] - Action Triggered: Milestones in StudentDashboard
[2026-05-03 19:18:22.101] [TRACE] [985e712d] [UI-Event] - Action Triggered: Documents in StudentDashboard
[2026-05-03 19:18:25.086] [TRACE] [985e712d] [UI-Event] - Action Triggered: PeerReview in StudentDashboard
[2026-05-03 19:18:31.224] [TRACE] [985e712d] [UI-Event] - Action Triggered: Notifications in StudentDashboard
[2026-05-03 19:18:34.027] [TRACE] [985e712d] [UI-Event] - Action Triggered: Proposals in StudentDashboard
[2026-05-03 19:18:57.751] [TRACE] [985e712d] [UI-Event] - Action Triggered: Proposals in StudentDashboard
[2026-05-03 19:19:21.461] [TRACE] [985e712d] [UI-Event] - Action Triggered: Notifications in StudentDashboard
[2026-05-03 19:19:24.642] [TRACE] [985e712d] [UI-Event] - Action Triggered: Proposals in StudentDashboard
[2026-05-03 19:19:25.646] [TRACE] [985e712d] [UI-Event] - Action Triggered: Supervision in StudentDashboard
[2026-05-03 19:19:28.331] [TRACE] [985e712d] [UI-Event] - Action Triggered: Supervision in StudentDashboard
[2026-05-03 19:19:49.324] [TRACE] [985e712d] [UI-Event] - Action Triggered: Team Finder in StudentDashboard
[2026-05-03 19:20:24.966] [TRACE] [985e712d] [UI-Event] - Action Triggered: Proposals in StudentDashboard
[2026-05-03 19:20:30.373] [TRACE] [985e712d] [UI-Event] - Action Triggered: Dashboard in StudentDashboard
[2026-05-03 19:20:32.119] [TRACE] [985e712d] [UI-Event] - Action Triggered: Grades in StudentDashboard
[2026-05-03 19:20:34.933] [TRACE] [985e712d] [UI-Event] - Action Triggered: Dashboard in StudentDashboard
[2026-05-03 19:20:36.460] [TRACE] [985e712d] [UI-Event] - Action Triggered: Rubrics in StudentDashboard
[2026-05-03 19:20:39.973] [TRACE] [985e712d] [UI-Event] - Action Triggered: Dashboard in StudentDashboard
[2026-05-03 19:20:41.451] [TRACE] [985e712d] [UI-Event] - Action Triggered: Rubrics in StudentDashboard
[2026-05-03 19:20:43.444] [TRACE] [985e712d] [UI-Event] - Action Triggered: Dashboard in StudentDashboard
[2026-05-03 19:20:45.918] [TRACE] [985e712d] [UI-Event] - Action Triggered: My Profile in StudentDashboard
[2026-05-03 19:20:54.232] [TRACE] [985e712d] [UI-Event] - Action Triggered: Complaint in StudentDashboard
[2026-05-03 19:21:02.580] [TRACE] [985e712d] [UI-Event] - Action Triggered: Browse Ideas in StudentDashboard
[2026-05-03 19:21:05.195] [TRACE] [985e712d] [UI-Event] - Action Triggered: Progress Log in StudentDashboard
[2026-05-03 19:21:08.404] [TRACE] [985e712d] [UI-Event] - Action Triggered: Documents in StudentDashboard
[2026-05-03 19:21:34.673] [TRACE] [985e712d] [UI-Event] - Action Triggered: Group Management in StudentDashboard
[2026-05-03 19:21:37.430] [TRACE] [985e712d] [UI-Event] - Action Triggered: Supervisor Profiles in StudentDashboard
[2026-05-03 19:29:36.620] [INFO] [fccf4f36] [Core] - Application initializing. OS: Linux
[2026-05-03 19:29:36.852] [TRACE] [fccf4f36] [UI-Login] - Initializing LoginFrame
[2026-05-03 19:30:08.474] [INFO] [fccf4f36] [UI-Login] - Login attempt for: munesh@fast.edu
[2026-05-03 19:30:08.480] [INFO] [fccf4f36] [UI-Login] - Login successful, redirecting to dashboard
[2026-05-03 19:30:08.525] [TRACE] [fccf4f36] [UI-Student] - Loading dashboard for: S102
[2026-05-03 19:30:16.492] [TRACE] [fccf4f36] [UI-Event] - Action Triggered: Proposals in StudentDashboard
[2026-05-03 19:30:18.861] [TRACE] [fccf4f36] [UI-Event] - Action Triggered: Supervision in StudentDashboard
[2026-05-03 19:30:26.562] [TRACE] [fccf4f36] [UI-Event] - Action Triggered: Milestones in StudentDashboard
[2026-05-03 19:30:27.694] [TRACE] [fccf4f36] [UI-Event] - Action Triggered: Documents in StudentDashboard
[2026-05-03 19:30:29.787] [TRACE] [fccf4f36] [UI-Event] - Action Triggered: PeerReview in StudentDashboard
[2026-05-03 19:35:16.411] [INFO] [e6c9d03c] [Core] - Application initializing. OS: Linux
[2026-05-03 19:35:16.674] [TRACE] [e6c9d03c] [UI-Login] - Initializing LoginFrame
[2026-05-03 19:35:34.414] [INFO] [e6c9d03c] [UI-Login] - Login attempt for: aazan@fast.edu
[2026-05-03 19:35:34.417] [INFO] [e6c9d03c] [UI-Login] - Login successful, redirecting to dashboard
[2026-05-03 19:35:34.482] [TRACE] [e6c9d03c] [UI-Student] - Loading dashboard for: S101
[2026-05-03 19:35:39.187] [TRACE] [e6c9d03c] [UI-Event] - Action Triggered: Browse Ideas in StudentDashboard
[2026-05-03 19:35:48.833] [TRACE] [e6c9d03c] [UI-Event] - Action Triggered: Progress Log in StudentDashboard
[2026-05-03 19:35:51.668] [TRACE] [e6c9d03c] [UI-Event] - Action Triggered: Documents in StudentDashboard
[2026-05-03 19:35:56.931] [TRACE] [e6c9d03c] [UI-Event] - Action Triggered: Team Finder in StudentDashboard
[2026-05-03 19:36:01.824] [TRACE] [e6c9d03c] [UI-Event] - Action Triggered: Proposals in StudentDashboard
[2026-05-03 19:36:04.964] [TRACE] [e6c9d03c] [UI-Event] - Action Triggered: Supervision in StudentDashboard
[2026-05-03 19:36:09.257] [TRACE] [e6c9d03c] [UI-Event] - Action Triggered: Milestones in StudentDashboard
[2026-05-03 19:36:10.692] [TRACE] [e6c9d03c] [UI-Event] - Action Triggered: Documents in StudentDashboard
[2026-05-03 19:36:12.934] [TRACE] [e6c9d03c] [UI-Event] - Action Triggered: Documents in StudentDashboard
[2026-05-03 19:36:13.747] [TRACE] [e6c9d03c] [UI-Event] - Action Triggered: PeerReview in StudentDashboard
[2026-05-03 19:36:18.180] [TRACE] [e6c9d03c] [UI-Event] - Action Triggered: PeerReview in StudentDashboard
[2026-05-03 19:36:19.135] [TRACE] [e6c9d03c] [UI-Event] - Action Triggered: Notifications in StudentDashboard
[2026-05-03 19:36:21.064] [TRACE] [e6c9d03c] [UI-Event] - Action Triggered: Documents in StudentDashboard
[2026-05-03 19:36:22.797] [TRACE] [e6c9d03c] [UI-Event] - Action Triggered: PeerReview in StudentDashboard
[2026-05-03 19:36:30.399] [TRACE] [e6c9d03c] [UI-Event] - Action Triggered: Proposals in StudentDashboard
[2026-05-03 19:36:31.566] [TRACE] [e6c9d03c] [UI-Event] - Action Triggered: Dashboard in StudentDashboard
[2026-05-03 19:36:34.161] [TRACE] [e6c9d03c] [UI-Event] - Action Triggered: Logout in StudentDashboard
[2026-05-03 19:36:34.172] [TRACE] [e6c9d03c] [UI-Login] - Initializing LoginFrame
[2026-05-03 19:36:49.169] [INFO] [e6c9d03c] [UI-Login] - Login attempt for: admin@fast.edu
[2026-05-03 19:36:49.172] [INFO] [e6c9d03c] [UI-Login] - Login successful, redirecting to dashboard
[2026-05-03 19:36:49.195] [TRACE] [e6c9d03c] [UI-Admin] - Loading dashboard for: A01
[2026-05-03 19:36:56.243] [TRACE] [e6c9d03c] [UI-Event] - Action Triggered: UserMgmt in AdminDashboard
[2026-05-03 19:37:05.473] [TRACE] [e6c9d03c] [UI-Event] - Action Triggered: GroupMgmt in AdminDashboard
[2026-05-03 19:37:18.959] [TRACE] [e6c9d03c] [UI-Event] - Action Triggered: UserMgmt in AdminDashboard
[2026-05-03 19:37:22.878] [TRACE] [e6c9d03c] [UI-Event] - Action Triggered: Complaints in AdminDashboard
[2026-05-03 19:37:23.939] [TRACE] [e6c9d03c] [UI-Event] - Action Triggered: GlobalRubric in AdminDashboard
[2026-05-03 19:37:26.088] [INFO] [e6c9d03c] [UI-Admin] - Publishing global rubric
[2026-05-03 19:37:29.915] [TRACE] [e6c9d03c] [UI-Event] - Action Triggered: InactivityAlerts in AdminDashboard
[2026-05-03 19:37:29.916] [INFO] [e6c9d03c] [UI-Admin] - Triggering inactivity alerts
[2026-05-03 19:37:29.918] [INFO] [e6c9d03c] [AdminController] - Inactivity alert process triggered by: A01
[2026-05-03 19:37:29.923] [TRACE] [e6c9d03c] [AdminController] - Group G01 has no logs.
[2026-05-03 19:37:29.931] [TRACE] [e6c9d03c] [AdminController] - Group G02 has no logs.
[2026-05-03 19:37:29.933] [INFO] [e6c9d03c] [AdminController] - Sent alerts to 2 groups.
[2026-05-03 19:37:35.346] [TRACE] [e6c9d03c] [UI-Event] - Action Triggered: Overview in AdminDashboard
[2026-05-03 19:37:37.890] [TRACE] [e6c9d03c] [UI-Event] - Action Triggered: Browse Members in AdminDashboard
[2026-05-03 19:37:45.570] [TRACE] [e6c9d03c] [UI-Event] - Action Triggered: Supervisor Limits in AdminDashboard
[2026-05-03 19:37:52.317] [TRACE] [e6c9d03c] [UI-Event] - Action Triggered: Pending Complaints in AdminDashboard
[2026-05-03 19:37:55.662] [TRACE] [e6c9d03c] [UI-Event] - Action Triggered: Notifications in AdminDashboard
[2026-05-03 19:43:55.179] [TRACE  ] [55980911] [Core] - START: Application Startup
[2026-05-03 19:43:55.204] [INFO   ] [55980911] [Core] - Initializing system. OS: Linux, Java: 17.0.18, TraceID: 55980911
[2026-05-03 19:43:55.207] [TRACE  ] [55980911] [Database] - START: loadFromFile
[2026-05-03 19:43:55.248] [TRACE  ] [55980911] [Database] - END: loadFromFile (Duration: 41ms)
[2026-05-03 19:43:55.249] [TRACE  ] [55980911] [Database] - START: saveToFile
[2026-05-03 19:43:55.257] [TRACE  ] [55980911] [Database] - END: saveToFile (Duration: 8ms)
[2026-05-03 19:43:55.280] [TRACE  ] [55980911] [Database] - START: saveToFile
[2026-05-03 19:43:55.284] [TRACE  ] [55980911] [Database] - END: saveToFile (Duration: 3ms)
[2026-05-03 19:43:55.463] [TRACE  ] [55980911] [Core] - END: Application Startup (Duration: 280ms)
[2026-05-03 19:43:55.486] [TRACE  ] [55980911] [UI-Login] - Initializing LoginFrame
[2026-05-03 19:44:10.746] [INFO   ] [55980911] [UI-Login] - Login attempt for: munesh@fast.edu
[2026-05-03 19:44:10.752] [INFO   ] [55980911] [UI-Login] - Login successful, redirecting to dashboard
[2026-05-03 19:44:10.813] [TRACE  ] [55980911] [UI-Student] - Loading dashboard for: S102
[2026-05-03 19:44:16.242] [TRACE  ] [55980911] [UI-Event] - Action Triggered: Dashboard in StudentDashboard
[2026-05-03 19:44:17.408] [TRACE  ] [55980911] [UI-Event] - Action Triggered: Proposals in StudentDashboard
[2026-05-03 19:44:18.639] [TRACE  ] [55980911] [UI-Event] - Action Triggered: Supervision in StudentDashboard
[2026-05-03 19:44:46.015] [TRACE  ] [55980911] [UI-Event] - Action Triggered: Supervision in StudentDashboard
[2026-05-03 19:44:47.006] [TRACE  ] [55980911] [UI-Event] - Action Triggered: Milestones in StudentDashboard
[2026-05-03 19:44:48.102] [TRACE  ] [55980911] [UI-Event] - Action Triggered: Documents in StudentDashboard
[2026-05-03 19:44:50.231] [TRACE  ] [55980911] [UI-Event] - Action Triggered: PeerReview in StudentDashboard
[2026-05-03 19:44:53.571] [TRACE  ] [55980911] [UI-Event] - Action Triggered: Notifications in StudentDashboard
[2026-05-03 19:45:03.533] [TRACE  ] [55980911] [UI-Event] - Action Triggered: Logout in StudentDashboard
[2026-05-03 19:45:03.547] [TRACE  ] [55980911] [UI-Login] - Initializing LoginFrame
[2026-05-03 19:45:18.823] [INFO   ] [55980911] [UI-Login] - Login attempt for: admin@fast.edu
[2026-05-03 19:45:18.826] [INFO   ] [55980911] [UI-Login] - Login successful, redirecting to dashboard
[2026-05-03 19:45:18.846] [TRACE  ] [55980911] [UI-Admin] - Loading dashboard for: A01
[2026-05-03 19:45:21.643] [TRACE  ] [55980911] [UI-Event] - Action Triggered: UserMgmt in AdminDashboard
[2026-05-03 19:45:25.138] [TRACE  ] [55980911] [UI-Event] - Action Triggered: GroupMgmt in AdminDashboard
[2026-05-03 19:45:28.390] [TRACE  ] [55980911] [UI-Event] - Action Triggered: Complaints in AdminDashboard
[2026-05-03 19:45:29.147] [TRACE  ] [55980911] [UI-Event] - Action Triggered: GlobalRubric in AdminDashboard
[2026-05-03 19:45:32.775] [TRACE  ] [55980911] [UI-Event] - Action Triggered: InactivityAlerts in AdminDashboard
[2026-05-03 19:45:32.775] [INFO   ] [55980911] [UI-Admin] - Triggering inactivity alerts
[2026-05-03 19:45:32.777] [TRACE  ] [55980911] [AdminController] - START: sendInactivityAlerts
[2026-05-03 19:45:32.778] [INFO   ] [55980911] [AdminController] - Inactivity alert process triggered by: A01
[2026-05-03 19:45:32.782] [TRACE  ] [55980911] [AdminController] - Group G01 has no logs.
[2026-05-03 19:45:32.788] [TRACE  ] [55980911] [AdminController] - Group G02 has no logs.
[2026-05-03 19:45:32.789] [INFO   ] [55980911] [AdminController] - Sent alerts to 2 groups.
[2026-05-03 19:45:32.789] [TRACE  ] [55980911] [Database] - START: saveToFile
[2026-05-03 19:45:32.794] [TRACE  ] [55980911] [Database] - END: saveToFile (Duration: 4ms)
[2026-05-03 19:45:32.795] [TRACE  ] [55980911] [AdminController] - END: sendInactivityAlerts (Duration: 17ms)
[2026-05-03 19:53:51.633] [TRACE  ] [6788beb0] [Database] - START: loadFromFile
[2026-05-03 19:53:51.701] [TRACE  ] [6788beb0] [Database] - END: loadFromFile (Duration: 60ms)
[2026-05-03 19:53:51.702] [TRACE  ] [6788beb0] [Database] - START: seedDemoData (FORCED)
[2026-05-03 19:53:51.730] [TRACE  ] [6788beb0] [Database] - END: seedDemoData (FORCED) (Duration: 27ms)
[2026-05-03 19:55:55.932] [TRACE  ] [3445dcea] [Core] - START: Application Startup
[2026-05-03 19:55:55.958] [INFO   ] [3445dcea] [Core] - Initializing system. OS: Linux, Java: 17.0.18, TraceID: 3445dcea
[2026-05-03 19:55:55.962] [TRACE  ] [3445dcea] [Database] - START: loadFromFile
[2026-05-03 19:55:56.009] [TRACE  ] [3445dcea] [Database] - END: loadFromFile (Duration: 47ms)
[2026-05-03 19:55:56.010] [TRACE  ] [3445dcea] [Database] - START: saveToFile
[2026-05-03 19:55:56.020] [TRACE  ] [3445dcea] [Database] - END: saveToFile (Duration: 10ms)
[2026-05-03 19:55:56.039] [TRACE  ] [3445dcea] [Database] - START: saveToFile
[2026-05-03 19:55:56.043] [TRACE  ] [3445dcea] [Database] - END: saveToFile (Duration: 3ms)
[2026-05-03 19:55:56.227] [TRACE  ] [3445dcea] [Core] - END: Application Startup (Duration: 289ms)
[2026-05-03 19:55:56.248] [TRACE  ] [3445dcea] [UI-Login] - Initializing LoginFrame
[2026-05-03 19:56:09.845] [INFO   ] [3445dcea] [UI-Login] - Login attempt for: aazan@fast.edu
[2026-05-03 19:56:09.848] [ERROR  ] [3445dcea] [UI-Login] - Authentication failed for: aazan@fast.edu
[2026-05-03 19:56:22.695] [INFO   ] [3445dcea] [UI-Login] - Login attempt for: aazan@fast.edu
[2026-05-03 19:56:22.699] [INFO   ] [3445dcea] [UI-Login] - Login successful, redirecting to dashboard
[2026-05-03 19:56:22.743] [TRACE  ] [3445dcea] [UI-Student] - Loading dashboard for: S101
[2026-05-03 19:56:25.675] [TRACE  ] [3445dcea] [UI-Event] - Action Triggered: Proposals in StudentDashboard
[2026-05-03 19:56:27.570] [TRACE  ] [3445dcea] [UI-Event] - Action Triggered: Supervision in StudentDashboard
[2026-05-03 19:56:30.981] [TRACE  ] [3445dcea] [UI-Event] - Action Triggered: Dashboard in StudentDashboard
[2026-05-03 19:56:34.841] [TRACE  ] [3445dcea] [UI-Event] - Action Triggered: Group Management in StudentDashboard
[2026-05-03 19:56:39.858] [TRACE  ] [3445dcea] [UI-Event] - Action Triggered: Proposals in StudentDashboard
[2026-05-03 19:56:41.047] [TRACE  ] [3445dcea] [UI-Event] - Action Triggered: Dashboard in StudentDashboard
[2026-05-03 19:56:42.788] [TRACE  ] [3445dcea] [UI-Event] - Action Triggered: Supervisor Profiles in StudentDashboard
[2026-05-03 19:56:46.269] [TRACE  ] [3445dcea] [UI-Event] - Action Triggered: Supervision in StudentDashboard
[2026-05-03 19:56:50.181] [TRACE  ] [3445dcea] [UI-Event] - Action Triggered: Dashboard in StudentDashboard
[2026-05-03 19:56:51.576] [TRACE  ] [3445dcea] [UI-Event] - Action Triggered: Team Finder in StudentDashboard
[2026-05-03 20:55:04.599] [TRACE  ] [6dd4b54e] [Core] - START: Application Startup
[2026-05-03 20:55:04.624] [INFO   ] [6dd4b54e] [Core] - Initializing system. OS: Linux, Java: 17.0.18, TraceID: 6dd4b54e
[2026-05-03 20:55:04.627] [TRACE  ] [6dd4b54e] [Database] - START: loadFromFile
[2026-05-03 20:55:04.667] [TRACE  ] [6dd4b54e] [Database] - END: loadFromFile (Duration: 40ms)
[2026-05-03 20:55:04.668] [TRACE  ] [6dd4b54e] [Database] - START: saveToFile
[2026-05-03 20:55:04.680] [TRACE  ] [6dd4b54e] [Database] - END: saveToFile (Duration: 12ms)
[2026-05-03 20:55:04.702] [TRACE  ] [6dd4b54e] [Database] - START: saveToFile
[2026-05-03 20:55:04.706] [TRACE  ] [6dd4b54e] [Database] - END: saveToFile (Duration: 3ms)
[2026-05-03 20:55:04.895] [TRACE  ] [6dd4b54e] [Core] - END: Application Startup (Duration: 291ms)
[2026-05-03 20:55:04.916] [TRACE  ] [6dd4b54e] [UI-Login] - Initializing LoginFrame
[2026-05-03 20:55:19.403] [INFO   ] [6dd4b54e] [UI-Login] - Login attempt for: aazan@fast.edu
[2026-05-03 20:55:19.410] [INFO   ] [6dd4b54e] [UI-Login] - Login successful, redirecting to dashboard
[2026-05-03 20:55:19.478] [TRACE  ] [6dd4b54e] [UI-Student] - Loading dashboard for: S101
[2026-05-03 20:56:07.330] [TRACE  ] [6dd4b54e] [UI-Event] - Action Triggered: Supervision in StudentDashboard
[2026-05-03 20:56:15.744] [TRACE  ] [6dd4b54e] [UI-Event] - Action Triggered: Logout in StudentDashboard
[2026-05-03 20:56:15.758] [TRACE  ] [6dd4b54e] [UI-Login] - Initializing LoginFrame
[2026-05-03 20:58:09.508] [INFO   ] [6dd4b54e] [UI-Login] - Login attempt for: ammar@fast.edu
[2026-05-03 20:58:09.509] [ERROR  ] [6dd4b54e] [UI-Login] - Authentication failed for: ammar@fast.edu
[2026-05-03 20:58:21.793] [INFO   ] [6dd4b54e] [UI-Login] - Login attempt for: ammar@fast.edu
[2026-05-03 20:58:21.794] [ERROR  ] [6dd4b54e] [UI-Login] - Authentication failed for: ammar@fast.edu
[2026-05-03 20:59:05.812] [INFO   ] [6dd4b54e] [UI-Login] - Login attempt for: ammar@fast.edu
[2026-05-03 20:59:05.813] [ERROR  ] [6dd4b54e] [UI-Login] - Authentication failed for: ammar@fast.edu
[2026-05-03 20:59:23.369] [INFO   ] [6dd4b54e] [UI-Login] - Login attempt for: osama@fast.edu
[2026-05-03 20:59:23.370] [ERROR  ] [6dd4b54e] [UI-Login] - Authentication failed for: osama@fast.edu
[2026-05-03 20:59:44.460] [INFO   ] [6dd4b54e] [UI-Login] - Login attempt for: ayesha@fast.edu
[2026-05-03 20:59:44.461] [ERROR  ] [6dd4b54e] [UI-Login] - Authentication failed for: ayesha@fast.edu
[2026-05-03 21:01:04.664] [TRACE  ] [2c48b57d] [Database] - START: loadFromFile
[2026-05-03 21:01:04.733] [TRACE  ] [2c48b57d] [Database] - END: loadFromFile (Duration: 63ms)
[2026-05-03 21:01:04.734] [TRACE  ] [2c48b57d] [Database] - START: seedDemoData (FORCED)
[2026-05-03 21:01:04.768] [TRACE  ] [2c48b57d] [Database] - END: seedDemoData (FORCED) (Duration: 34ms)
[2026-05-03 21:01:04.769] [TRACE  ] [2c48b57d] [AuthController] - START: User Login: admin@fast.edu
[2026-05-03 21:01:04.789] [INFO   ] [2c48b57d] [AuthController] - Login successful for user: A01 (Admin)
[2026-05-03 21:01:04.790] [TRACE  ] [2c48b57d] [AuthController] - END: User Login: admin@fast.edu (Duration: 21ms)
[2026-05-03 21:01:04.791] [TRACE  ] [2c48b57d] [AuthController] - START: User Login: munesh@fast.edu
[2026-05-03 21:01:04.792] [INFO   ] [2c48b57d] [AuthController] - Login successful for user: S102 (Student)
[2026-05-03 21:01:04.794] [TRACE  ] [2c48b57d] [AuthController] - END: User Login: munesh@fast.edu (Duration: 2ms)
[2026-05-03 21:01:04.795] [TRACE  ] [2c48b57d] [AuthController] - START: User Login: umer@fast.edu
[2026-05-03 21:01:04.798] [INFO   ] [2c48b57d] [AuthController] - Login successful for user: SV01 (Supervisor)
[2026-05-03 21:01:04.798] [TRACE  ] [2c48b57d] [AuthController] - END: User Login: umer@fast.edu (Duration: 2ms)
[2026-05-03 21:02:37.880] [TRACE  ] [986ba782] [Database] - START: loadFromFile
[2026-05-03 21:02:37.986] [TRACE  ] [986ba782] [Database] - END: loadFromFile (Duration: 93ms)
[2026-05-03 21:02:37.987] [TRACE  ] [986ba782] [Database] - START: seedDemoData (FORCED)
[2026-05-03 21:02:38.048] [TRACE  ] [986ba782] [Database] - END: seedDemoData (FORCED) (Duration: 60ms)
[2026-05-03 21:02:38.050] [TRACE  ] [986ba782] [AuthController] - START: User Login: admin@fast.edu
[2026-05-03 21:02:38.084] [INFO   ] [986ba782] [AuthController] - Login successful for user: A01 (Admin)
[2026-05-03 21:02:38.085] [TRACE  ] [986ba782] [AuthController] - END: User Login: admin@fast.edu (Duration: 33ms)
[2026-05-03 21:02:38.085] [TRACE  ] [986ba782] [AuthController] - START: User Login: munesh@fast.edu
[2026-05-03 21:02:38.086] [INFO   ] [986ba782] [AuthController] - Login successful for user: S102 (Student)
[2026-05-03 21:02:38.087] [TRACE  ] [986ba782] [AuthController] - END: User Login: munesh@fast.edu (Duration: 1ms)
[2026-05-03 21:02:38.087] [TRACE  ] [986ba782] [AuthController] - START: User Login: umer@fast.edu
[2026-05-03 21:02:38.090] [INFO   ] [986ba782] [AuthController] - Login successful for user: SV01 (Supervisor)
[2026-05-03 21:02:38.091] [TRACE  ] [986ba782] [AuthController] - END: User Login: umer@fast.edu (Duration: 3ms)
[2026-05-03 21:02:56.230] [TRACE  ] [e68492d4] [Database] - START: loadFromFile
[2026-05-03 21:02:56.297] [TRACE  ] [e68492d4] [Database] - END: loadFromFile (Duration: 61ms)
[2026-05-03 21:02:56.298] [TRACE  ] [e68492d4] [Database] - START: seedDemoData (FORCED)
[2026-05-03 21:02:56.326] [TRACE  ] [e68492d4] [Database] - END: seedDemoData (FORCED) (Duration: 27ms)
[2026-05-03 21:02:56.326] [TRACE  ] [e68492d4] [Database] - START: saveToFile
[2026-05-03 21:02:56.355] [TRACE  ] [e68492d4] [Database] - END: saveToFile (Duration: 28ms)
[2026-05-03 21:02:56.357] [TRACE  ] [e68492d4] [AuthController] - START: User Login: admin@fast.edu
[2026-05-03 21:02:56.387] [INFO   ] [e68492d4] [AuthController] - Login successful for user: A01 (Admin)
[2026-05-03 21:02:56.388] [TRACE  ] [e68492d4] [AuthController] - END: User Login: admin@fast.edu (Duration: 31ms)
[2026-05-03 21:02:56.389] [TRACE  ] [e68492d4] [AuthController] - START: User Login: munesh@fast.edu
[2026-05-03 21:02:56.390] [INFO   ] [e68492d4] [AuthController] - Login successful for user: S102 (Student)
[2026-05-03 21:02:56.391] [TRACE  ] [e68492d4] [AuthController] - END: User Login: munesh@fast.edu (Duration: 1ms)
[2026-05-03 21:02:56.391] [TRACE  ] [e68492d4] [AuthController] - START: User Login: umer@fast.edu
[2026-05-03 21:02:56.392] [INFO   ] [e68492d4] [AuthController] - Login successful for user: SV01 (Supervisor)
[2026-05-03 21:02:56.392] [TRACE  ] [e68492d4] [AuthController] - END: User Login: umer@fast.edu (Duration: 1ms)
[2026-05-03 21:05:19.544] [TRACE  ] [85f2e76b] [Database] - START: loadFromFile
[2026-05-03 21:05:19.625] [TRACE  ] [85f2e76b] [Database] - END: loadFromFile (Duration: 75ms)
[2026-05-03 21:05:19.629] [TRACE  ] [85f2e76b] [AuthController] - START: User Login: admin@fast.edu
[2026-05-03 21:05:19.657] [INFO   ] [85f2e76b] [AuthController] - Login successful for user: A01 (Admin)
[2026-05-03 21:05:19.658] [TRACE  ] [85f2e76b] [AuthController] - END: User Login: admin@fast.edu (Duration: 28ms)
[2026-05-03 21:05:19.660] [TRACE  ] [85f2e76b] [AuthController] - START: User Login: munesh@fast.edu
[2026-05-03 21:05:19.663] [ERROR  ] [85f2e76b] [AuthController] - Login failed for: munesh@fast.edu
[2026-05-03 21:05:19.664] [TRACE  ] [85f2e76b] [AuthController] - END: User Login: munesh@fast.edu (Duration: 3ms)
[2026-05-03 21:05:19.665] [TRACE  ] [85f2e76b] [AuthController] - START: User Login: fazl@fast.edu
[2026-05-03 21:05:19.667] [ERROR  ] [85f2e76b] [AuthController] - Login failed for: fazl@fast.edu
[2026-05-03 21:05:19.667] [TRACE  ] [85f2e76b] [AuthController] - END: User Login: fazl@fast.edu (Duration: 2ms)
[2026-05-03 21:05:24.110] [INFO   ] [6dd4b54e] [UI-Login] - Login attempt for: aazan@fast.edu
[2026-05-03 21:05:24.114] [INFO   ] [6dd4b54e] [UI-Login] - Login successful, redirecting to dashboard
[2026-05-03 21:05:24.128] [TRACE  ] [6dd4b54e] [UI-Student] - Loading dashboard for: S101
[2026-05-03 21:05:31.219] [TRACE  ] [6dd4b54e] [UI-Event] - Action Triggered: Dashboard in StudentDashboard
[2026-05-03 21:05:32.096] [TRACE  ] [6dd4b54e] [UI-Event] - Action Triggered: Proposals in StudentDashboard
[2026-05-03 21:05:33.071] [TRACE  ] [6dd4b54e] [UI-Event] - Action Triggered: Supervision in StudentDashboard
[2026-05-03 21:05:36.754] [TRACE  ] [6dd4b54e] [UI-Event] - Action Triggered: Milestones in StudentDashboard
[2026-05-03 21:05:37.808] [TRACE  ] [6dd4b54e] [UI-Event] - Action Triggered: Documents in StudentDashboard
[2026-05-03 21:05:38.837] [TRACE  ] [2780d0b3] [Database] - START: loadFromFile
[2026-05-03 21:05:38.934] [TRACE  ] [2780d0b3] [Database] - END: loadFromFile (Duration: 87ms)
[2026-05-03 21:05:38.937] [TRACE  ] [2780d0b3] [Database] - START: seedDemoData (FORCED)
[2026-05-03 21:05:38.962] [TRACE  ] [2780d0b3] [Database] - END: seedDemoData (FORCED) (Duration: 25ms)
[2026-05-03 21:05:38.963] [TRACE  ] [2780d0b3] [Database] - START: saveToFile
[2026-05-03 21:05:38.983] [TRACE  ] [2780d0b3] [Database] - END: saveToFile (Duration: 20ms)
[2026-05-03 21:05:38.984] [TRACE  ] [2780d0b3] [AuthController] - START: User Login: admin@fast.edu
[2026-05-03 21:05:39.005] [INFO   ] [2780d0b3] [AuthController] - Login successful for user: A01 (Admin)
[2026-05-03 21:05:39.007] [TRACE  ] [2780d0b3] [AuthController] - END: User Login: admin@fast.edu (Duration: 22ms)
[2026-05-03 21:05:39.010] [TRACE  ] [2780d0b3] [AuthController] - START: User Login: munesh@fast.edu
[2026-05-03 21:05:39.012] [INFO   ] [2780d0b3] [AuthController] - Login successful for user: S102 (Student)
[2026-05-03 21:05:39.013] [TRACE  ] [2780d0b3] [AuthController] - END: User Login: munesh@fast.edu (Duration: 2ms)
[2026-05-03 21:05:39.013] [TRACE  ] [2780d0b3] [AuthController] - START: User Login: fazl@fast.edu
[2026-05-03 21:05:39.014] [INFO   ] [2780d0b3] [AuthController] - Login successful for user: SV06 (Supervisor)
[2026-05-03 21:05:39.015] [TRACE  ] [2780d0b3] [AuthController] - END: User Login: fazl@fast.edu (Duration: 1ms)
[2026-05-03 21:05:39.696] [TRACE  ] [6dd4b54e] [UI-Event] - Action Triggered: PeerReview in StudentDashboard
[2026-05-03 21:05:49.359] [TRACE  ] [6dd4b54e] [UI-Event] - Action Triggered: Notifications in StudentDashboard
[2026-05-03 21:06:49.016] [TRACE  ] [7b7cc713] [Core] - START: Application Startup
[2026-05-03 21:06:49.042] [INFO   ] [7b7cc713] [Core] - Initializing system. OS: Linux, Java: 17.0.18, TraceID: 7b7cc713
[2026-05-03 21:06:49.044] [TRACE  ] [7b7cc713] [Database] - START: loadFromFile
[2026-05-03 21:06:49.100] [TRACE  ] [7b7cc713] [Database] - END: loadFromFile (Duration: 55ms)
[2026-05-03 21:06:49.101] [TRACE  ] [7b7cc713] [Database] - START: saveToFile
[2026-05-03 21:06:49.115] [TRACE  ] [7b7cc713] [Database] - END: saveToFile (Duration: 14ms)
[2026-05-03 21:06:49.138] [TRACE  ] [7b7cc713] [Database] - START: saveToFile
[2026-05-03 21:06:49.142] [TRACE  ] [7b7cc713] [Database] - END: saveToFile (Duration: 4ms)
[2026-05-03 21:06:49.323] [TRACE  ] [7b7cc713] [Core] - END: Application Startup (Duration: 302ms)
[2026-05-03 21:06:49.346] [TRACE  ] [7b7cc713] [UI-Login] - Initializing LoginFrame
[2026-05-03 21:07:06.206] [INFO   ] [7b7cc713] [UI-Login] - Login attempt for: ammar@fast.edu
[2026-05-03 21:07:06.211] [INFO   ] [7b7cc713] [UI-Login] - Login successful, redirecting to dashboard
[2026-05-03 21:07:06.266] [TRACE  ] [7b7cc713] [UI-Student] - Loading dashboard for: S101
[2026-05-03 21:07:12.173] [TRACE  ] [7b7cc713] [UI-Event] - Action Triggered: Proposals in StudentDashboard
[2026-05-03 21:07:14.151] [TRACE  ] [7b7cc713] [UI-Event] - Action Triggered: Supervision in StudentDashboard
[2026-05-03 21:07:29.684] [TRACE  ] [7b7cc713] [UI-Event] - Action Triggered: Supervision in StudentDashboard
[2026-05-03 21:07:30.829] [TRACE  ] [7b7cc713] [UI-Event] - Action Triggered: Supervision in StudentDashboard
[2026-05-03 21:07:31.628] [TRACE  ] [7b7cc713] [UI-Event] - Action Triggered: Milestones in StudentDashboard
[2026-05-03 21:07:36.109] [TRACE  ] [7b7cc713] [UI-Event] - Action Triggered: Documents in StudentDashboard
[2026-05-03 21:07:43.681] [TRACE  ] [7b7cc713] [UI-Event] - Action Triggered: PeerReview in StudentDashboard
[2026-05-03 21:07:50.095] [TRACE  ] [7b7cc713] [UI-Event] - Action Triggered: Notifications in StudentDashboard
[2026-05-03 21:07:52.831] [TRACE  ] [7b7cc713] [UI-Event] - Action Triggered: Dashboard in StudentDashboard
[2026-05-03 21:11:46.882] [TRACE  ] [7b7cc713] [UI-Event] - Action Triggered: Browse Ideas in StudentDashboard
[2026-05-03 21:13:14.139] [TRACE  ] [e235d9e1] [Core] - START: Application Startup
[2026-05-03 21:13:14.164] [INFO   ] [e235d9e1] [Core] - Initializing system. OS: Linux, Java: 17.0.18, TraceID: e235d9e1
[2026-05-03 21:13:14.166] [TRACE  ] [e235d9e1] [Database] - START: loadFromFile
[2026-05-03 21:13:14.224] [TRACE  ] [e235d9e1] [Database] - END: loadFromFile (Duration: 57ms)
[2026-05-03 21:13:14.225] [TRACE  ] [e235d9e1] [Database] - START: saveToFile
[2026-05-03 21:13:14.240] [TRACE  ] [e235d9e1] [Database] - END: saveToFile (Duration: 15ms)
[2026-05-03 21:13:14.257] [TRACE  ] [e235d9e1] [Database] - START: saveToFile
[2026-05-03 21:13:14.262] [TRACE  ] [e235d9e1] [Database] - END: saveToFile (Duration: 5ms)
[2026-05-03 21:13:14.450] [TRACE  ] [e235d9e1] [Core] - END: Application Startup (Duration: 306ms)
[2026-05-03 21:13:14.471] [TRACE  ] [e235d9e1] [UI-Login] - Initializing LoginFrame
[2026-05-03 21:13:32.905] [INFO   ] [e235d9e1] [UI-Login] - Login attempt for: aazan@fast.edu
[2026-05-03 21:13:32.906] [ERROR  ] [e235d9e1] [UI-Login] - Authentication failed for: aazan@fast.edu
[2026-05-03 21:13:45.709] [INFO   ] [e235d9e1] [UI-Login] - Login attempt for: aazan@fast.edu
[2026-05-03 21:13:45.710] [ERROR  ] [e235d9e1] [UI-Login] - Authentication failed for: aazan@fast.edu
[2026-05-03 21:13:54.312] [INFO   ] [e235d9e1] [UI-Login] - Login attempt for: aazan@fast.edu
[2026-05-03 21:13:54.313] [ERROR  ] [e235d9e1] [UI-Login] - Authentication failed for: aazan@fast.edu
[2026-05-03 21:14:07.085] [INFO   ] [e235d9e1] [UI-Login] - Login attempt for: aazan@fast.edu
[2026-05-03 21:14:07.086] [ERROR  ] [e235d9e1] [UI-Login] - Authentication failed for: aazan@fast.edu
[2026-05-03 21:16:59.219] [TRACE  ] [0c2d1b92] [Core] - START: Application Startup
[2026-05-03 21:16:59.269] [INFO   ] [0c2d1b92] [Core] - Initializing system. OS: Linux, Java: 17.0.18, TraceID: 0c2d1b92
[2026-05-03 21:16:59.276] [TRACE  ] [0c2d1b92] [Database] - START: loadFromFile
[2026-05-03 21:16:59.377] [TRACE  ] [0c2d1b92] [Database] - END: loadFromFile (Duration: 100ms)
[2026-05-03 21:16:59.381] [TRACE  ] [0c2d1b92] [Database] - START: seedDemoData (FORCED)
[2026-05-03 21:16:59.409] [TRACE  ] [0c2d1b92] [Database] - END: seedDemoData (FORCED) (Duration: 28ms)
[2026-05-03 21:16:59.410] [TRACE  ] [0c2d1b92] [Database] - START: saveToFile
[2026-05-03 21:16:59.431] [TRACE  ] [0c2d1b92] [Database] - END: saveToFile (Duration: 21ms)
[2026-05-03 21:16:59.432] [TRACE  ] [0c2d1b92] [Database] - START: saveToFile
[2026-05-03 21:16:59.441] [TRACE  ] [0c2d1b92] [Database] - END: saveToFile (Duration: 8ms)
[2026-05-03 21:16:59.467] [TRACE  ] [0c2d1b92] [Database] - START: saveToFile
[2026-05-03 21:16:59.475] [TRACE  ] [0c2d1b92] [Database] - END: saveToFile (Duration: 7ms)
[2026-05-03 21:16:59.743] [TRACE  ] [0c2d1b92] [Core] - END: Application Startup (Duration: 512ms)
[2026-05-03 21:16:59.771] [TRACE  ] [0c2d1b92] [UI-Login] - Initializing LoginFrame
[2026-05-03 21:23:04.297] [TRACE  ] [7fa163d1] [Core] - START: Application Startup
[2026-05-03 21:23:04.315] [INFO   ] [7fa163d1] [Core] - Initializing system. OS: Linux, Java: 17.0.18, TraceID: 7fa163d1
[2026-05-03 21:23:04.317] [TRACE  ] [7fa163d1] [Database] - START: loadFromFile
[2026-05-03 21:23:04.361] [TRACE  ] [7fa163d1] [Database] - END: loadFromFile (Duration: 44ms)
[2026-05-03 21:23:04.362] [TRACE  ] [7fa163d1] [Database] - START: saveToFile
[2026-05-03 21:23:04.377] [TRACE  ] [7fa163d1] [Database] - END: saveToFile (Duration: 15ms)
[2026-05-03 21:23:04.387] [TRACE  ] [7fa163d1] [Database] - START: saveToFile
[2026-05-03 21:23:04.389] [TRACE  ] [7fa163d1] [Database] - END: saveToFile (Duration: 2ms)
[2026-05-03 21:23:04.512] [TRACE  ] [7fa163d1] [Core] - END: Application Startup (Duration: 212ms)
[2026-05-03 21:23:04.529] [TRACE  ] [7fa163d1] [UI-Login] - Initializing LoginFrame
[2026-05-03 21:23:21.041] [INFO   ] [7fa163d1] [UI-Login] - Login attempt for: aazan@fast.edu
[2026-05-03 21:23:21.042] [ERROR  ] [7fa163d1] [UI-Login] - Authentication failed for: aazan@fast.edu
[2026-05-03 21:25:23.326] [TRACE  ] [061fda0c] [Core] - START: Application Startup
[2026-05-03 21:25:23.345] [INFO   ] [061fda0c] [Core] - Initializing system. OS: Linux, Java: 17.0.18, TraceID: 061fda0c
[2026-05-03 21:25:23.347] [TRACE  ] [061fda0c] [Database] - START: loadFromFile
[2026-05-03 21:25:23.387] [TRACE  ] [061fda0c] [Database] - END: loadFromFile (Duration: 40ms)
[2026-05-03 21:25:23.389] [TRACE  ] [061fda0c] [Database] - START: saveToFile
[2026-05-03 21:25:23.403] [TRACE  ] [061fda0c] [Database] - END: saveToFile (Duration: 14ms)
[2026-05-03 21:25:23.419] [TRACE  ] [061fda0c] [Database] - START: saveToFile
[2026-05-03 21:25:23.422] [TRACE  ] [061fda0c] [Database] - END: saveToFile (Duration: 3ms)
[2026-05-03 21:25:23.537] [TRACE  ] [061fda0c] [Core] - END: Application Startup (Duration: 207ms)
[2026-05-03 21:25:23.553] [TRACE  ] [061fda0c] [UI-Login] - Initializing LoginFrame
[2026-05-03 21:25:37.557] [INFO   ] [061fda0c] [UI-Login] - Login attempt for: aazan@fast.edu
[2026-05-03 21:25:37.558] [ERROR  ] [061fda0c] [UI-Login] - Authentication failed for: aazan@fast.edu
[2026-05-03 21:25:46.209] [INFO   ] [061fda0c] [UI-Login] - Login attempt for: aazan@fast.edu
[2026-05-03 21:25:46.210] [ERROR  ] [061fda0c] [UI-Login] - Authentication failed for: aazan@fast.edu
[2026-05-03 21:25:54.700] [INFO   ] [061fda0c] [UI-Login] - Login attempt for: aazan@fast.edu
[2026-05-03 21:25:54.701] [ERROR  ] [061fda0c] [UI-Login] - Authentication failed for: aazan@fast.edu
[2026-05-03 21:27:54.292] [INFO   ] [061fda0c] [UI-Login] - Login attempt for: aazan@fast.edu
[2026-05-03 21:27:54.293] [ERROR  ] [061fda0c] [UI-Login] - Authentication failed for: aazan@fast.edu
[2026-05-03 21:29:23.620] [TRACE  ] [e76fb3e2] [Database] - START: loadFromFile
[2026-05-03 21:29:23.700] [TRACE  ] [e76fb3e2] [Database] - END: loadFromFile (Duration: 75ms)
[2026-05-03 21:29:23.711] [TRACE  ] [e76fb3e2] [AuthController] - START: User Login: ammar@fast.edu
[2026-05-03 21:29:23.732] [INFO   ] [e76fb3e2] [AuthController] - Login successful for user: S101 (Student)
[2026-05-03 21:29:23.733] [TRACE  ] [e76fb3e2] [AuthController] - END: User Login: ammar@fast.edu (Duration: 21ms)
[2026-05-03 21:29:23.744] [TRACE  ] [e76fb3e2] [AuthController] - START: User Login: munesh@fast.edu
[2026-05-03 21:29:23.748] [INFO   ] [e76fb3e2] [AuthController] - Login successful for user: S102 (Student)
[2026-05-03 21:29:23.749] [TRACE  ] [e76fb3e2] [AuthController] - END: User Login: munesh@fast.edu (Duration: 3ms)
[2026-05-03 21:29:23.749] [TRACE  ] [e76fb3e2] [AuthController] - START: User Login: ahmed@fast.edu
[2026-05-03 21:29:23.751] [INFO   ] [e76fb3e2] [AuthController] - Login successful for user: S103 (Student)
[2026-05-03 21:29:23.752] [TRACE  ] [e76fb3e2] [AuthController] - END: User Login: ahmed@fast.edu (Duration: 2ms)
[2026-05-03 21:29:23.752] [TRACE  ] [e76fb3e2] [AuthController] - START: User Login: osama@fast.edu
[2026-05-03 21:29:23.754] [INFO   ] [e76fb3e2] [AuthController] - Login successful for user: S104 (Student)
[2026-05-03 21:29:23.754] [TRACE  ] [e76fb3e2] [AuthController] - END: User Login: osama@fast.edu (Duration: 1ms)
[2026-05-03 21:29:23.755] [TRACE  ] [e76fb3e2] [AuthController] - START: User Login: awaiz@fast.edu
[2026-05-03 21:29:23.757] [INFO   ] [e76fb3e2] [AuthController] - Login successful for user: S105 (Student)
[2026-05-03 21:29:23.757] [TRACE  ] [e76fb3e2] [AuthController] - END: User Login: awaiz@fast.edu (Duration: 2ms)
[2026-05-03 21:29:23.758] [TRACE  ] [e76fb3e2] [AuthController] - START: User Login: hania@fast.edu
[2026-05-03 21:29:23.761] [INFO   ] [e76fb3e2] [AuthController] - Login successful for user: S106 (Student)
[2026-05-03 21:29:23.763] [TRACE  ] [e76fb3e2] [AuthController] - END: User Login: hania@fast.edu (Duration: 2ms)
[2026-05-03 21:29:23.763] [TRACE  ] [e76fb3e2] [AuthController] - START: User Login: zaid@fast.edu
[2026-05-03 21:29:23.765] [INFO   ] [e76fb3e2] [AuthController] - Login successful for user: S107 (Student)
[2026-05-03 21:29:23.765] [TRACE  ] [e76fb3e2] [AuthController] - END: User Login: zaid@fast.edu (Duration: 1ms)
[2026-05-03 21:29:23.766] [TRACE  ] [e76fb3e2] [AuthController] - START: User Login: ayesha@fast.edu
[2026-05-03 21:29:23.767] [INFO   ] [e76fb3e2] [AuthController] - Login successful for user: S108 (Student)
[2026-05-03 21:29:23.767] [TRACE  ] [e76fb3e2] [AuthController] - END: User Login: ayesha@fast.edu (Duration: 1ms)
[2026-05-03 21:29:23.768] [TRACE  ] [e76fb3e2] [AuthController] - START: User Login: umer@fast.edu
[2026-05-03 21:29:23.769] [INFO   ] [e76fb3e2] [AuthController] - Login successful for user: SV01 (Supervisor)
[2026-05-03 21:29:23.770] [TRACE  ] [e76fb3e2] [AuthController] - END: User Login: umer@fast.edu (Duration: 2ms)
[2026-05-03 21:29:23.770] [TRACE  ] [e76fb3e2] [AuthController] - START: User Login: shoiab@fast.edu
[2026-05-03 21:29:23.771] [INFO   ] [e76fb3e2] [AuthController] - Login successful for user: SV02 (Supervisor)
[2026-05-03 21:29:23.772] [TRACE  ] [e76fb3e2] [AuthController] - END: User Login: shoiab@fast.edu (Duration: 1ms)
[2026-05-03 21:29:23.772] [TRACE  ] [e76fb3e2] [AuthController] - START: User Login: bilal@fast.edu
[2026-05-03 21:29:23.773] [INFO   ] [e76fb3e2] [AuthController] - Login successful for user: SV03 (Supervisor)
[2026-05-03 21:29:23.775] [TRACE  ] [e76fb3e2] [AuthController] - END: User Login: bilal@fast.edu (Duration: 3ms)
[2026-05-03 21:29:23.776] [TRACE  ] [e76fb3e2] [AuthController] - START: User Login: usman@fast.edu
[2026-05-03 21:29:23.779] [INFO   ] [e76fb3e2] [AuthController] - Login successful for user: SV04 (Supervisor)
[2026-05-03 21:29:23.780] [TRACE  ] [e76fb3e2] [AuthController] - END: User Login: usman@fast.edu (Duration: 3ms)
[2026-05-03 21:29:23.781] [TRACE  ] [e76fb3e2] [AuthController] - START: User Login: samin@fast.edu
[2026-05-03 21:29:23.782] [INFO   ] [e76fb3e2] [AuthController] - Login successful for user: SV05 (Supervisor)
[2026-05-03 21:29:23.782] [TRACE  ] [e76fb3e2] [AuthController] - END: User Login: samin@fast.edu (Duration: 1ms)
[2026-05-03 21:29:23.783] [TRACE  ] [e76fb3e2] [AuthController] - START: User Login: fazl@fast.edu
[2026-05-03 21:29:23.784] [INFO   ] [e76fb3e2] [AuthController] - Login successful for user: SV06 (Supervisor)
[2026-05-03 21:29:23.784] [TRACE  ] [e76fb3e2] [AuthController] - END: User Login: fazl@fast.edu (Duration: 1ms)
[2026-05-03 21:29:23.784] [TRACE  ] [e76fb3e2] [AuthController] - START: User Login: admin@fast.edu
[2026-05-03 21:29:23.786] [INFO   ] [e76fb3e2] [AuthController] - Login successful for user: A01 (Admin)
[2026-05-03 21:29:23.786] [TRACE  ] [e76fb3e2] [AuthController] - END: User Login: admin@fast.edu (Duration: 1ms)
[2026-05-03 21:30:01.672] [INFO   ] [061fda0c] [UI-Login] - Login attempt for: ammar@fast.edu
[2026-05-03 21:30:01.678] [INFO   ] [061fda0c] [UI-Login] - Login successful, redirecting to dashboard
[2026-05-03 21:30:01.727] [TRACE  ] [061fda0c] [UI-Student] - Loading dashboard for: S101
[2026-05-03 21:30:11.777] [TRACE  ] [061fda0c] [UI-Event] - Action Triggered: Proposals in StudentDashboard
[2026-05-03 21:30:13.077] [TRACE  ] [061fda0c] [UI-Event] - Action Triggered: Supervision in StudentDashboard
[2026-05-03 21:30:26.151] [TRACE  ] [061fda0c] [UI-Event] - Action Triggered: Milestones in StudentDashboard
[2026-05-03 21:30:27.366] [TRACE  ] [061fda0c] [UI-Event] - Action Triggered: Documents in StudentDashboard
[2026-05-03 21:30:31.195] [TRACE  ] [061fda0c] [UI-Event] - Action Triggered: Documents in StudentDashboard
[2026-05-03 21:30:32.544] [TRACE  ] [061fda0c] [UI-Event] - Action Triggered: PeerReview in StudentDashboard
[2026-05-03 21:30:40.378] [TRACE  ] [061fda0c] [UI-Event] - Action Triggered: Notifications in StudentDashboard
[2026-05-03 21:30:41.910] [TRACE  ] [061fda0c] [UI-Event] - Action Triggered: Dashboard in StudentDashboard
[2026-05-03 21:30:44.508] [TRACE  ] [061fda0c] [UI-Event] - Action Triggered: Supervisor Profiles in StudentDashboard
[2026-05-03 21:31:00.369] [TRACE  ] [061fda0c] [UI-Event] - Action Triggered: Dashboard in StudentDashboard
[2026-05-03 21:31:02.393] [TRACE  ] [061fda0c] [UI-Event] - Action Triggered: Browse Ideas in StudentDashboard
[2026-05-03 21:31:09.708] [TRACE  ] [061fda0c] [UI-Event] - Action Triggered: Progress Log in StudentDashboard
[2026-05-03 21:31:12.922] [TRACE  ] [061fda0c] [UI-Event] - Action Triggered: Documents in StudentDashboard
[2026-05-03 21:31:15.640] [TRACE  ] [061fda0c] [UI-Event] - Action Triggered: Team Finder in StudentDashboard
[2026-05-03 21:31:24.538] [TRACE  ] [061fda0c] [UI-Event] - Action Triggered: Available Students in StudentDashboard
[2026-05-03 21:31:29.419] [TRACE  ] [061fda0c] [UI-Event] - Action Triggered: Group Management in StudentDashboard
[2026-05-03 21:31:36.172] [TRACE  ] [061fda0c] [UI-Event] - Action Triggered: Supervisor Profiles in StudentDashboard
[2026-05-03 21:32:19.855] [TRACE  ] [061fda0c] [UI-Event] - Action Triggered: Feedback in StudentDashboard
[2026-05-03 21:32:25.311] [TRACE  ] [061fda0c] [UI-Event] - Action Triggered: Logout in StudentDashboard
[2026-05-03 21:32:25.322] [TRACE  ] [061fda0c] [UI-Login] - Initializing LoginFrame
[2026-05-03 21:32:40.437] [INFO   ] [061fda0c] [UI-Login] - Login attempt for: admin@fast.edu
[2026-05-03 21:32:40.440] [INFO   ] [061fda0c] [UI-Login] - Login successful, redirecting to dashboard
[2026-05-03 21:32:40.463] [TRACE  ] [061fda0c] [UI-Admin] - Loading dashboard for: A01
[2026-05-03 21:32:43.558] [TRACE  ] [061fda0c] [UI-Event] - Action Triggered: UserMgmt in AdminDashboard
[2026-05-03 21:32:58.729] [TRACE  ] [061fda0c] [UI-Event] - Action Triggered: Group Size Limit in AdminDashboard
[2026-05-03 21:33:01.718] [TRACE  ] [061fda0c] [UI-Event] - Action Triggered: Browse Members in AdminDashboard
[2026-05-03 21:33:05.826] [TRACE  ] [061fda0c] [UI-Event] - Action Triggered: Supervisor Limits in AdminDashboard
[2026-05-03 21:33:12.122] [TRACE  ] [061fda0c] [UI-Event] - Action Triggered: Peer Reviews in AdminDashboard
[2026-05-03 21:33:21.912] [TRACE  ] [061fda0c] [UI-Event] - Action Triggered: Pending Complaints in AdminDashboard
[2026-05-03 21:33:25.542] [TRACE  ] [061fda0c] [UI-Event] - Action Triggered: View Profile in AdminDashboard
[2026-05-03 21:33:28.259] [TRACE  ] [061fda0c] [UI-Event] - Action Triggered: Notifications in AdminDashboard
[2026-05-03 21:33:32.685] [TRACE  ] [061fda0c] [UI-Event] - Action Triggered: Complaints in AdminDashboard
[2026-05-03 21:33:33.618] [TRACE  ] [061fda0c] [UI-Event] - Action Triggered: GlobalRubric in AdminDashboard
[2026-05-03 21:33:36.916] [TRACE  ] [061fda0c] [UI-Event] - Action Triggered: InactivityAlerts in AdminDashboard
[2026-05-03 21:33:36.917] [INFO   ] [061fda0c] [UI-Admin] - Triggering inactivity alerts
[2026-05-03 21:33:36.919] [TRACE  ] [061fda0c] [AdminController] - START: sendInactivityAlerts
[2026-05-03 21:33:36.920] [INFO   ] [061fda0c] [AdminController] - Inactivity alert process triggered by: A01
[2026-05-03 21:33:36.922] [TRACE  ] [061fda0c] [AdminController] - Group G02 has no logs.
[2026-05-03 21:33:36.930] [TRACE  ] [061fda0c] [AdminController] - Group G03 has no logs.
[2026-05-03 21:33:36.930] [TRACE  ] [061fda0c] [AdminController] - Group G04 has no logs.
[2026-05-03 21:33:36.931] [TRACE  ] [061fda0c] [AdminController] - Group G05 has no logs.
[2026-05-03 21:33:36.932] [TRACE  ] [061fda0c] [AdminController] - Group G06 has no logs.
[2026-05-03 21:33:36.932] [INFO   ] [061fda0c] [AdminController] - Sent alerts to 5 groups.
[2026-05-03 21:33:36.933] [TRACE  ] [061fda0c] [Database] - START: saveToFile
[2026-05-03 21:33:36.941] [TRACE  ] [061fda0c] [Database] - END: saveToFile (Duration: 7ms)
[2026-05-03 21:33:36.942] [TRACE  ] [061fda0c] [AdminController] - END: sendInactivityAlerts (Duration: 22ms)
[2026-05-03 21:33:52.996] [TRACE  ] [061fda0c] [Database] - START: saveToFile
[2026-05-03 21:33:53.004] [TRACE  ] [061fda0c] [Database] - END: saveToFile (Duration: 8ms)
[2026-05-03 21:34:01.573] [TRACE  ] [061fda0c] [UI-Event] - Action Triggered: Notifications in AdminDashboard
[2026-05-03 21:34:07.797] [TRACE  ] [061fda0c] [UI-Event] - Action Triggered: Logout in AdminDashboard
[2026-05-03 21:34:07.806] [TRACE  ] [061fda0c] [UI-Login] - Initializing LoginFrame
[2026-05-03 21:34:23.220] [INFO   ] [061fda0c] [UI-Login] - Login attempt for: umer@fast.edu
[2026-05-03 21:34:23.222] [INFO   ] [061fda0c] [UI-Login] - Login successful, redirecting to dashboard
[2026-05-03 21:34:23.235] [TRACE  ] [061fda0c] [UI-Supervisor] - Loading dashboard for: SV01
[2026-05-03 21:34:32.751] [TRACE  ] [061fda0c] [UI-Event] - Action Triggered: DefinePhase in SupervisorDashboard
[2026-05-03 21:34:38.164] [TRACE  ] [061fda0c] [UI-Event] - Action Triggered: ProgressReview in SupervisorDashboard
[2026-05-03 21:34:45.020] [TRACE  ] [061fda0c] [UI-Event] - Action Triggered: PeerReviews in SupervisorDashboard
[2026-05-03 21:34:48.246] [TRACE  ] [061fda0c] [UI-Event] - Action Triggered: RubricDef in SupervisorDashboard
[2026-05-03 21:34:52.693] [TRACE  ] [061fda0c] [UI-Event] - Action Triggered: Grading in SupervisorDashboard
[2026-05-03 21:35:02.979] [TRACE  ] [061fda0c] [UI-Event] - Action Triggered: Notifications in SupervisorDashboard
[2026-05-03 21:35:03.992] [TRACE  ] [061fda0c] [UI-Event] - Action Triggered: MyProfile in SupervisorDashboard
[2026-05-03 21:35:05.289] [TRACE  ] [061fda0c] [UI-Event] - Action Triggered: Notifications in SupervisorDashboard
[2026-05-03 21:35:07.481] [TRACE  ] [061fda0c] [UI-Event] - Action Triggered: Dashboard in SupervisorDashboard
[2026-05-03 21:35:11.950] [TRACE  ] [061fda0c] [UI-Event] - Action Triggered: Logout in SupervisorDashboard
[2026-05-03 21:35:11.957] [TRACE  ] [061fda0c] [UI-Login] - Initializing LoginFrame
