[2026-05-02 13:58:28.452] [INFO] [995d1a89] [Core] - Application initializing. OS: Linux
[2026-05-02 14:01:02.847] [INFO] [ae1cc83e] [Core] - Application initializing. OS: Linux
[2026-05-02 14:01:04.075] [TRACE] [ae1cc83e] [UI-Login] - Initializing LoginFrame
[2026-05-02 14:04:11.146] [INFO] [98da0db0] [Core] - Application initializing. OS: Linux
[2026-05-02 14:04:12.137] [TRACE] [98da0db0] [UI-Login] - Initializing LoginFrame
[2026-05-02 14:04:25.138] [INFO] [59fd604f] [Core] - Application initializing. OS: Linux
[2026-05-02 14:04:25.983] [TRACE] [59fd604f] [UI-Login] - Initializing LoginFrame
[2026-05-02 14:04:40.925] [INFO] [59fd604f] [UI-Login] - Login attempt for: aazan@fast.edu
[2026-05-02 14:04:40.928] [INFO] [59fd604f] [UI-Login] - Login successful, redirecting to dashboard
[2026-05-02 14:04:47.517] [INFO] [59fd604f] [UI-Login] - Login attempt for: aazan@fast.edu
[2026-05-02 14:04:47.519] [INFO] [59fd604f] [UI-Login] - Login successful, redirecting to dashboard
[2026-05-02 14:04:48.917] [INFO] [59fd604f] [UI-Login] - Login attempt for: aazan@fast.edu
[2026-05-02 14:04:48.918] [INFO] [59fd604f] [UI-Login] - Login successful, redirecting to dashboard
[2026-05-02 14:04:49.101] [INFO] [59fd604f] [UI-Login] - Login attempt for: aazan@fast.edu
[2026-05-02 14:04:49.102] [INFO] [59fd604f] [UI-Login] - Login successful, redirecting to dashboard
[2026-05-02 14:04:49.445] [INFO] [59fd604f] [UI-Login] - Login attempt for: aazan@fast.edu
[2026-05-02 14:04:49.447] [INFO] [59fd604f] [UI-Login] - Login successful, redirecting to dashboard
[2026-05-02 14:04:49.637] [INFO] [59fd604f] [UI-Login] - Login attempt for: aazan@fast.edu
[2026-05-02 14:04:49.638] [INFO] [59fd604f] [UI-Login] - Login successful, redirecting to dashboard
[2026-05-02 14:04:49.805] [INFO] [59fd604f] [UI-Login] - Login attempt for: aazan@fast.edu
[2026-05-02 14:04:49.806] [INFO] [59fd604f] [UI-Login] - Login successful, redirecting to dashboard
[2026-05-02 14:04:49.965] [INFO] [59fd604f] [UI-Login] - Login attempt for: aazan@fast.edu
[2026-05-02 14:04:49.966] [INFO] [59fd604f] [UI-Login] - Login successful, redirecting to dashboard
[2026-05-02 14:04:50.149] [INFO] [59fd604f] [UI-Login] - Login attempt for: aazan@fast.edu
[2026-05-02 14:04:50.150] [INFO] [59fd604f] [UI-Login] - Login successful, redirecting to dashboard
[2026-05-02 14:04:50.557] [INFO] [59fd604f] [UI-Login] - Login attempt for: aazan@fast.edu
[2026-05-02 14:04:50.559] [INFO] [59fd604f] [UI-Login] - Login successful, redirecting to dashboard
[2026-05-02 14:04:50.773] [INFO] [59fd604f] [UI-Login] - Login attempt for: aazan@fast.edu
[2026-05-02 14:04:50.774] [INFO] [59fd604f] [UI-Login] - Login successful, redirecting to dashboard
[2026-05-02 14:04:50.957] [INFO] [59fd604f] [UI-Login] - Login attempt for: aazan@fast.edu
[2026-05-02 14:04:50.959] [INFO] [59fd604f] [UI-Login] - Login successful, redirecting to dashboard
[2026-05-02 14:06:04.528] [INFO] [d174c073] [Core] - Application initializing. OS: Linux
[2026-05-02 14:06:05.595] [TRACE] [d174c073] [UI-Login] - Initializing LoginFrame
[2026-05-02 14:06:21.901] [INFO] [d174c073] [UI-Login] - Login attempt for: aazan@fast.edu
[2026-05-02 14:06:21.904] [INFO] [d174c073] [UI-Login] - Login successful, redirecting to dashboard
[2026-05-02 14:06:21.941] [TRACE] [d174c073] [UI-Student] - Loading dashboard for: S101
[2026-05-02 14:06:26.853] [TRACE] [d174c073] [UI-Event] - Action Triggered: Proposals in StudentDashboard
[2026-05-02 14:06:29.652] [TRACE] [d174c073] [UI-Event] - Action Triggered: Supervision in StudentDashboard
[2026-05-02 14:06:32.300] [TRACE] [d174c073] [UI-Event] - Action Triggered: Milestones in StudentDashboard
[2026-05-02 14:06:34.500] [TRACE] [d174c073] [UI-Event] - Action Triggered: PeerReview in StudentDashboard
[2026-05-02 14:06:36.517] [TRACE] [d174c073] [UI-Event] - Action Triggered: Documents in StudentDashboard
[2026-05-02 14:06:48.956] [TRACE] [d174c073] [UI-Event] - Action Triggered: Idea Browsing in StudentDashboard
[2026-05-02 14:06:50.732] [TRACE] [d174c073] [UI-Event] - Action Triggered: Browse Members in StudentDashboard
[2026-05-02 14:06:52.212] [TRACE] [d174c073] [UI-Event] - Action Triggered: Progress Log in StudentDashboard
[2026-05-02 14:06:59.012] [TRACE] [d174c073] [UI-Event] - Action Triggered: Progress Log in StudentDashboard
[2026-05-02 14:07:01.740] [TRACE] [d174c073] [UI-Event] - Action Triggered: View Feedback in StudentDashboard
[2026-05-02 14:07:22.614] [TRACE] [d174c073] [UI-Event] - Action Triggered: Proposals in StudentDashboard
[2026-05-02 14:07:27.847] [TRACE] [d174c073] [UI-Event] - Action Triggered: Supervision in StudentDashboard
[2026-05-02 14:07:30.133] [TRACE] [d174c073] [UI-Event] - Action Triggered: PeerReview in StudentDashboard
[2026-05-02 14:07:32.412] [TRACE] [d174c073] [UI-Event] - Action Triggered: Documents in StudentDashboard
[2026-05-02 14:07:39.284] [TRACE] [d174c073] [UI-Event] - Action Triggered: Idea Browsing in StudentDashboard
[2026-05-02 14:07:40.973] [TRACE] [d174c073] [UI-Event] - Action Triggered: Browse Members in StudentDashboard
[2026-05-02 14:07:50.901] [TRACE] [d174c073] [UI-Event] - Action Triggered: Progress Log in StudentDashboard
[2026-05-02 14:07:53.037] [TRACE] [d174c073] [UI-Event] - Action Triggered: Student Grades in StudentDashboard
[2026-05-02 14:07:57.861] [TRACE] [d174c073] [UI-Event] - Action Triggered: Grading Rubrics in StudentDashboard
[2026-05-02 14:08:01.325] [TRACE] [d174c073] [UI-Event] - Action Triggered: Group Mgmt in StudentDashboard
[2026-05-02 14:08:04.093] [TRACE] [d174c073] [UI-Event] - Action Triggered: Submit Complaint in StudentDashboard
[2026-05-02 14:08:15.197] [TRACE] [d174c073] [UI-Event] - Action Triggered: Logout in StudentDashboard
[2026-05-02 14:08:15.204] [TRACE] [d174c073] [UI-Login] - Initializing LoginFrame
[2026-05-02 14:08:30.621] [INFO] [d174c073] [UI-Login] - Login attempt for: aazan@fast.edu
[2026-05-02 14:08:30.622] [INFO] [d174c073] [UI-Login] - Login successful, redirecting to dashboard
[2026-05-02 14:08:30.638] [TRACE] [d174c073] [UI-Student] - Loading dashboard for: S101
[2026-05-02 14:08:36.429] [TRACE] [d174c073] [UI-Event] - Action Triggered: Logout in StudentDashboard
[2026-05-02 14:08:36.446] [TRACE] [d174c073] [UI-Login] - Initializing LoginFrame
[2026-05-02 14:10:53.527] [INFO] [d174c073] [UI-Login] - Login attempt for: aazan@fast.du
[2026-05-02 14:10:53.527] [ERROR] [d174c073] [UI-Login] - Authentication failed for: aazan@fast.du
